------------------------- 2022-12-17 01:20:02.360230
resultat 1 pour  Birmingham -VS- Reading
resultat 1 pour  Bristol City -VS- Stoke
resultat 1 pour  Burnley -VS- Middlesbrough
resultat 1 pour  Cardiff -VS- Blackpool
resultat 1 pour  Coventry -VS- Swansea
resultat 1 pour  Huddersfield -VS- Watford
resultat 1 pour  Hull -VS- Sunderland
resultat 1 pour  Preston -VS- QPR
resultat 1 pour  West Brom -VS- Rotherham
resultat 1 pour  Norwich -VS- Blackburn
resultat 1 pour  Luton -VS- Millwall
resultat 1 pour  Wigan -VS- Sheffield United
resultat 1 pour  Barnsley -VS- Burton
resultat 1 pour  Bolton -VS- Exeter
resultat 1 pour  Charlton -VS- Bristol Rvs
resultat 1 pour  Cheltenham -VS- Lincoln
resultat 1 pour  Derby -VS- Forest Green
resultat 1 pour  Fleetwood Town -VS- Cambridge
resultat 1 pour  Peterboro -VS- Shrewsbury
resultat 1 pour  Plymouth -VS- Morecambe
resultat 1 pour  Port Vale -VS- Accrington
resultat 1 pour  Portsmouth -VS- Milton Keynes Dons
resultat 1 pour  Sheffield Weds -VS- Oxford
resultat 1 pour  Wycombe -VS- Ipswich
resultat 1 pour  AFC Wimbledon -VS- Stevenage
resultat 1 pour  Barrow -VS- Swindon
resultat 1 pour  Bradford -VS- Rochdale
resultat 1 pour  Colchester -VS- Salford
resultat 1 pour  Doncaster -VS- Harrogate
resultat 1 pour  Hartlepool -VS- Newport County
resultat 1 pour  Leyton Orient -VS- Sutton
resultat 1 pour  Mansfield -VS- Grimsby
resultat 1 pour  Northampton -VS- Carlisle
resultat 1 pour  Stockport -VS- Gillingham
resultat 1 pour  Tranmere -VS- Crawley Town
resultat 1 pour  Walsall -VS- Crewe
resultat 1 pour  Pisa -VS- Brescia
resultat 1 pour  Reggina -VS- Bari
resultat 1 pour  Cittadella -VS- Sudtirol
resultat 1 pour  Cosenza -VS- Ascoli
resultat 1 pour  Modena -VS- Benevento
resultat 1 pour  Parma -VS- Spal
resultat 1 pour  Ternana -VS- Como
resultat 1 pour  Palermo -VS- Cagliari
resultat 1 pour  Genoa -VS- Frosinone
resultat 1 pour  Perugia -VS- Venezia
resultat 1 pour  Aberdeen -VS- Celtic
resultat 1 pour  Hearts -VS- Kilmarnock
resultat 1 pour  Livingston -VS- Dundee United
resultat 1 pour  Motherwell -VS- St Mirren
resultat 1 pour  Ross County -VS- St Johnstone
resultat 1 pour  Dundee -VS- Cove Rangers
resultat 1 pour  Hamilton -VS- Inverness C
resultat 1 pour  Morton -VS- Queens Park
resultat 1 pour  Partick -VS- Ayr
resultat 1 pour  Raith Rvs -VS- Arbroath
resultat 1 pour  Airdrie Utd -VS- Dunfermline
resultat 1 pour  Alloa -VS- Falkirk
resultat 1 pour  FC Edinburgh -VS- Montrose
resultat 1 pour  Peterhead -VS- Clyde
resultat 1 pour  Queen of Sth -VS- Kelty Hearts
resultat 1 pour  Albion Rvs -VS- Elgin
resultat 1 pour  Annan Athletic -VS- Bonnyrigg Rose
resultat 1 pour  Dumbarton -VS- Stenhousemuir
resultat 1 pour  East Fife -VS- Stranraer
resultat 1 pour  Stirling -VS- Forfar
resultat 1 pour  Tenerife -VS- Andorra
resultat 1 pour  Lugo -VS- Granada
resultat 1 pour  Mirandes -VS- Ponferradina
resultat 1 pour  Cartagena -VS- Santander
resultat 1 pour  Villarreal B -VS- Las Palmas
resultat 1 pour  Oviedo -VS- Sp Gijon
resultat 1 pour  Albacete -VS- Ibiza
resultat 1 pour  Burgos -VS- Huesca
resultat 1 pour  Levante -VS- Eibar
resultat 1 pour  Malaga -VS- Alaves
resultat 1 pour  Leganes -VS- Zaragoza
Resultat 2 pour  FC Voluntari -VS- Farul Constanta
Resultat 2 pour  Sepsi Sf. Gheorghe -VS- U. Cluj
Resultat 2 pour  Univ. Craiova -VS- Chindia Targoviste
Resultat 2 pour  FC Arges -VS- Mioveni
Resultat 2 pour  Petrolul -VS- U Craiova 1948
Resultat 2 pour  UTA Arad -VS- FC Rapid Bucuresti
Resultat 2 pour  FCSB -VS- FC Botosani
Resultat 2 pour  CFR Cluj -VS- FC Hermannstadt
Errror 7887 -------------------------------- Cannot use None as a query value
------------------------- 2022-12-17 01:24:02.737340
resultat 1 pour  Birmingham -VS- Reading
resultat 1 pour  Bristol City -VS- Stoke
resultat 1 pour  Burnley -VS- Middlesbrough
resultat 1 pour  Cardiff -VS- Blackpool
resultat 1 pour  Coventry -VS- Swansea
resultat 1 pour  Huddersfield -VS- Watford
resultat 1 pour  Hull -VS- Sunderland
resultat 1 pour  Preston -VS- QPR
resultat 1 pour  West Brom -VS- Rotherham
resultat 1 pour  Norwich -VS- Blackburn
resultat 1 pour  Luton -VS- Millwall
resultat 1 pour  Wigan -VS- Sheffield United
resultat 1 pour  Barnsley -VS- Burton
resultat 1 pour  Bolton -VS- Exeter
resultat 1 pour  Charlton -VS- Bristol Rvs
resultat 1 pour  Cheltenham -VS- Lincoln
resultat 1 pour  Derby -VS- Forest Green
resultat 1 pour  Fleetwood Town -VS- Cambridge
resultat 1 pour  Peterboro -VS- Shrewsbury
resultat 1 pour  Plymouth -VS- Morecambe
resultat 1 pour  Port Vale -VS- Accrington
resultat 1 pour  Portsmouth -VS- Milton Keynes Dons
resultat 1 pour  Sheffield Weds -VS- Oxford
resultat 1 pour  Wycombe -VS- Ipswich
resultat 1 pour  AFC Wimbledon -VS- Stevenage
resultat 1 pour  Barrow -VS- Swindon
resultat 1 pour  Bradford -VS- Rochdale
resultat 1 pour  Colchester -VS- Salford
resultat 1 pour  Doncaster -VS- Harrogate
resultat 1 pour  Hartlepool -VS- Newport County
resultat 1 pour  Leyton Orient -VS- Sutton
resultat 1 pour  Mansfield -VS- Grimsby
resultat 1 pour  Northampton -VS- Carlisle
resultat 1 pour  Stockport -VS- Gillingham
resultat 1 pour  Tranmere -VS- Crawley Town
resultat 1 pour  Walsall -VS- Crewe
resultat 1 pour  Pisa -VS- Brescia
resultat 1 pour  Reggina -VS- Bari
resultat 1 pour  Cittadella -VS- Sudtirol
resultat 1 pour  Cosenza -VS- Ascoli
resultat 1 pour  Modena -VS- Benevento
resultat 1 pour  Parma -VS- Spal
resultat 1 pour  Ternana -VS- Como
resultat 1 pour  Palermo -VS- Cagliari
resultat 1 pour  Genoa -VS- Frosinone
resultat 1 pour  Perugia -VS- Venezia
resultat 1 pour  Aberdeen -VS- Celtic
resultat 1 pour  Hearts -VS- Kilmarnock
resultat 1 pour  Livingston -VS- Dundee United
resultat 1 pour  Motherwell -VS- St Mirren
resultat 1 pour  Ross County -VS- St Johnstone
resultat 1 pour  Dundee -VS- Cove Rangers
resultat 1 pour  Hamilton -VS- Inverness C
resultat 1 pour  Morton -VS- Queens Park
resultat 1 pour  Partick -VS- Ayr
resultat 1 pour  Raith Rvs -VS- Arbroath
resultat 1 pour  Airdrie Utd -VS- Dunfermline
resultat 1 pour  Alloa -VS- Falkirk
resultat 1 pour  FC Edinburgh -VS- Montrose
resultat 1 pour  Peterhead -VS- Clyde
resultat 1 pour  Queen of Sth -VS- Kelty Hearts
resultat 1 pour  Albion Rvs -VS- Elgin
resultat 1 pour  Annan Athletic -VS- Bonnyrigg Rose
resultat 1 pour  Dumbarton -VS- Stenhousemuir
resultat 1 pour  East Fife -VS- Stranraer
resultat 1 pour  Stirling -VS- Forfar
resultat 1 pour  Tenerife -VS- Andorra
resultat 1 pour  Lugo -VS- Granada
resultat 1 pour  Mirandes -VS- Ponferradina
resultat 1 pour  Cartagena -VS- Santander
resultat 1 pour  Villarreal B -VS- Las Palmas
resultat 1 pour  Oviedo -VS- Sp Gijon
resultat 1 pour  Albacete -VS- Ibiza
resultat 1 pour  Burgos -VS- Huesca
resultat 1 pour  Levante -VS- Eibar
resultat 1 pour  Malaga -VS- Alaves
resultat 1 pour  Leganes -VS- Zaragoza
Resultat 2 pour  FC Voluntari -VS- Farul Constanta
Resultat 2 pour  Sepsi Sf. Gheorghe -VS- U. Cluj
Resultat 2 pour  Univ. Craiova -VS- Chindia Targoviste
Resultat 2 pour  FC Arges -VS- Mioveni
Resultat 2 pour  Petrolul -VS- U Craiova 1948
Resultat 2 pour  UTA Arad -VS- FC Rapid Bucuresti
Resultat 2 pour  FCSB -VS- FC Botosani
Resultat 2 pour  CFR Cluj -VS- FC Hermannstadt
Errror 7887 -------------------------------- Cannot use None as a query value
------------------------- 2022-12-17 01:28:02.121459
resultat 1 pour  Birmingham -VS- Reading
resultat 1 pour  Bristol City -VS- Stoke
resultat 1 pour  Burnley -VS- Middlesbrough
resultat 1 pour  Cardiff -VS- Blackpool
resultat 1 pour  Coventry -VS- Swansea
resultat 1 pour  Huddersfield -VS- Watford
resultat 1 pour  Hull -VS- Sunderland
resultat 1 pour  Preston -VS- QPR
resultat 1 pour  West Brom -VS- Rotherham
resultat 1 pour  Norwich -VS- Blackburn
resultat 1 pour  Luton -VS- Millwall
resultat 1 pour  Wigan -VS- Sheffield United
resultat 1 pour  Barnsley -VS- Burton
resultat 1 pour  Bolton -VS- Exeter
resultat 1 pour  Charlton -VS- Bristol Rvs
resultat 1 pour  Cheltenham -VS- Lincoln
resultat 1 pour  Derby -VS- Forest Green
resultat 1 pour  Fleetwood Town -VS- Cambridge
resultat 1 pour  Peterboro -VS- Shrewsbury
resultat 1 pour  Plymouth -VS- Morecambe
resultat 1 pour  Port Vale -VS- Accrington
resultat 1 pour  Portsmouth -VS- Milton Keynes Dons
resultat 1 pour  Sheffield Weds -VS- Oxford
resultat 1 pour  Wycombe -VS- Ipswich
resultat 1 pour  AFC Wimbledon -VS- Stevenage
resultat 1 pour  Barrow -VS- Swindon
resultat 1 pour  Bradford -VS- Rochdale
resultat 1 pour  Colchester -VS- Salford
resultat 1 pour  Doncaster -VS- Harrogate
resultat 1 pour  Hartlepool -VS- Newport County
resultat 1 pour  Leyton Orient -VS- Sutton
resultat 1 pour  Mansfield -VS- Grimsby
resultat 1 pour  Northampton -VS- Carlisle
resultat 1 pour  Stockport -VS- Gillingham
resultat 1 pour  Tranmere -VS- Crawley Town
resultat 1 pour  Walsall -VS- Crewe
resultat 1 pour  Pisa -VS- Brescia
resultat 1 pour  Reggina -VS- Bari
resultat 1 pour  Cittadella -VS- Sudtirol
resultat 1 pour  Cosenza -VS- Ascoli
resultat 1 pour  Modena -VS- Benevento
resultat 1 pour  Parma -VS- Spal
resultat 1 pour  Ternana -VS- Como
resultat 1 pour  Palermo -VS- Cagliari
resultat 1 pour  Genoa -VS- Frosinone
resultat 1 pour  Perugia -VS- Venezia
resultat 1 pour  Aberdeen -VS- Celtic
resultat 1 pour  Hearts -VS- Kilmarnock
resultat 1 pour  Livingston -VS- Dundee United
resultat 1 pour  Motherwell -VS- St Mirren
resultat 1 pour  Ross County -VS- St Johnstone
resultat 1 pour  Dundee -VS- Cove Rangers
resultat 1 pour  Hamilton -VS- Inverness C
resultat 1 pour  Morton -VS- Queens Park
resultat 1 pour  Partick -VS- Ayr
resultat 1 pour  Raith Rvs -VS- Arbroath
resultat 1 pour  Airdrie Utd -VS- Dunfermline
resultat 1 pour  Alloa -VS- Falkirk
resultat 1 pour  FC Edinburgh -VS- Montrose
resultat 1 pour  Peterhead -VS- Clyde
resultat 1 pour  Queen of Sth -VS- Kelty Hearts
resultat 1 pour  Albion Rvs -VS- Elgin
resultat 1 pour  Annan Athletic -VS- Bonnyrigg Rose
resultat 1 pour  Dumbarton -VS- Stenhousemuir
resultat 1 pour  East Fife -VS- Stranraer
resultat 1 pour  Stirling -VS- Forfar
resultat 1 pour  Tenerife -VS- Andorra
resultat 1 pour  Lugo -VS- Granada
resultat 1 pour  Mirandes -VS- Ponferradina
resultat 1 pour  Cartagena -VS- Santander
resultat 1 pour  Villarreal B -VS- Las Palmas
resultat 1 pour  Oviedo -VS- Sp Gijon
resultat 1 pour  Albacete -VS- Ibiza
resultat 1 pour  Burgos -VS- Huesca
resultat 1 pour  Levante -VS- Eibar
resultat 1 pour  Malaga -VS- Alaves
resultat 1 pour  Leganes -VS- Zaragoza
Resultat 2 pour  FC Voluntari -VS- Farul Constanta
Resultat 2 pour  Sepsi Sf. Gheorghe -VS- U. Cluj
Resultat 2 pour  Univ. Craiova -VS- Chindia Targoviste
Resultat 2 pour  FC Arges -VS- Mioveni
Resultat 2 pour  Petrolul -VS- U Craiova 1948
Resultat 2 pour  UTA Arad -VS- FC Rapid Bucuresti
Resultat 2 pour  FCSB -VS- FC Botosani
Resultat 2 pour  CFR Cluj -VS- FC Hermannstadt
Errror 7887 -------------------------------- Cannot use None as a query value
------------------------- 2022-12-17 01:32:02.407993
resultat 1 pour  Birmingham -VS- Reading
resultat 1 pour  Bristol City -VS- Stoke
resultat 1 pour  Burnley -VS- Middlesbrough
resultat 1 pour  Cardiff -VS- Blackpool
resultat 1 pour  Coventry -VS- Swansea
resultat 1 pour  Huddersfield -VS- Watford
resultat 1 pour  Hull -VS- Sunderland
resultat 1 pour  Preston -VS- QPR
resultat 1 pour  West Brom -VS- Rotherham
resultat 1 pour  Norwich -VS- Blackburn
resultat 1 pour  Luton -VS- Millwall
resultat 1 pour  Wigan -VS- Sheffield United
resultat 1 pour  Barnsley -VS- Burton
resultat 1 pour  Bolton -VS- Exeter
resultat 1 pour  Charlton -VS- Bristol Rvs
resultat 1 pour  Cheltenham -VS- Lincoln
resultat 1 pour  Derby -VS- Forest Green
resultat 1 pour  Fleetwood Town -VS- Cambridge
resultat 1 pour  Peterboro -VS- Shrewsbury
resultat 1 pour  Plymouth -VS- Morecambe
resultat 1 pour  Port Vale -VS- Accrington
resultat 1 pour  Portsmouth -VS- Milton Keynes Dons
resultat 1 pour  Sheffield Weds -VS- Oxford
resultat 1 pour  Wycombe -VS- Ipswich
resultat 1 pour  AFC Wimbledon -VS- Stevenage
resultat 1 pour  Barrow -VS- Swindon
resultat 1 pour  Bradford -VS- Rochdale
resultat 1 pour  Colchester -VS- Salford
resultat 1 pour  Doncaster -VS- Harrogate
resultat 1 pour  Hartlepool -VS- Newport County
resultat 1 pour  Leyton Orient -VS- Sutton
resultat 1 pour  Mansfield -VS- Grimsby
resultat 1 pour  Northampton -VS- Carlisle
resultat 1 pour  Stockport -VS- Gillingham
resultat 1 pour  Tranmere -VS- Crawley Town
resultat 1 pour  Walsall -VS- Crewe
resultat 1 pour  Pisa -VS- Brescia
resultat 1 pour  Reggina -VS- Bari
resultat 1 pour  Cittadella -VS- Sudtirol
resultat 1 pour  Cosenza -VS- Ascoli
resultat 1 pour  Modena -VS- Benevento
resultat 1 pour  Parma -VS- Spal
resultat 1 pour  Ternana -VS- Como
resultat 1 pour  Palermo -VS- Cagliari
resultat 1 pour  Genoa -VS- Frosinone
resultat 1 pour  Perugia -VS- Venezia
resultat 1 pour  Aberdeen -VS- Celtic
resultat 1 pour  Hearts -VS- Kilmarnock
resultat 1 pour  Livingston -VS- Dundee United
resultat 1 pour  Motherwell -VS- St Mirren
resultat 1 pour  Ross County -VS- St Johnstone
resultat 1 pour  Dundee -VS- Cove Rangers
resultat 1 pour  Hamilton -VS- Inverness C
resultat 1 pour  Morton -VS- Queens Park
resultat 1 pour  Partick -VS- Ayr
resultat 1 pour  Raith Rvs -VS- Arbroath
resultat 1 pour  Airdrie Utd -VS- Dunfermline
resultat 1 pour  Alloa -VS- Falkirk
resultat 1 pour  FC Edinburgh -VS- Montrose
resultat 1 pour  Peterhead -VS- Clyde
resultat 1 pour  Queen of Sth -VS- Kelty Hearts
resultat 1 pour  Albion Rvs -VS- Elgin
resultat 1 pour  Annan Athletic -VS- Bonnyrigg Rose
resultat 1 pour  Dumbarton -VS- Stenhousemuir
resultat 1 pour  East Fife -VS- Stranraer
resultat 1 pour  Stirling -VS- Forfar
resultat 1 pour  Tenerife -VS- Andorra
resultat 1 pour  Lugo -VS- Granada
resultat 1 pour  Mirandes -VS- Ponferradina
resultat 1 pour  Cartagena -VS- Santander
resultat 1 pour  Villarreal B -VS- Las Palmas
resultat 1 pour  Oviedo -VS- Sp Gijon
resultat 1 pour  Albacete -VS- Ibiza
resultat 1 pour  Burgos -VS- Huesca
resultat 1 pour  Levante -VS- Eibar
resultat 1 pour  Malaga -VS- Alaves
resultat 1 pour  Leganes -VS- Zaragoza
Resultat 2 pour  FC Voluntari -VS- Farul Constanta
Resultat 2 pour  Sepsi Sf. Gheorghe -VS- U. Cluj
Resultat 2 pour  Univ. Craiova -VS- Chindia Targoviste
Resultat 2 pour  FC Arges -VS- Mioveni
Resultat 2 pour  Petrolul -VS- U Craiova 1948
Resultat 2 pour  UTA Arad -VS- FC Rapid Bucuresti
Resultat 2 pour  FCSB -VS- FC Botosani
Resultat 2 pour  CFR Cluj -VS- FC Hermannstadt
Errror 7887 -------------------------------- Cannot use None as a query value
------------------------- 2022-12-17 01:36:01.966809
resultat 1 pour  Birmingham -VS- Reading
resultat 1 pour  Bristol City -VS- Stoke
resultat 1 pour  Burnley -VS- Middlesbrough
resultat 1 pour  Cardiff -VS- Blackpool
resultat 1 pour  Coventry -VS- Swansea
resultat 1 pour  Huddersfield -VS- Watford
resultat 1 pour  Hull -VS- Sunderland
resultat 1 pour  Preston -VS- QPR
resultat 1 pour  West Brom -VS- Rotherham
resultat 1 pour  Norwich -VS- Blackburn
resultat 1 pour  Luton -VS- Millwall
resultat 1 pour  Wigan -VS- Sheffield United
resultat 1 pour  Barnsley -VS- Burton
resultat 1 pour  Bolton -VS- Exeter
resultat 1 pour  Charlton -VS- Bristol Rvs
resultat 1 pour  Cheltenham -VS- Lincoln
resultat 1 pour  Derby -VS- Forest Green
resultat 1 pour  Fleetwood Town -VS- Cambridge
resultat 1 pour  Peterboro -VS- Shrewsbury
resultat 1 pour  Plymouth -VS- Morecambe
resultat 1 pour  Port Vale -VS- Accrington
resultat 1 pour  Portsmouth -VS- Milton Keynes Dons
resultat 1 pour  Sheffield Weds -VS- Oxford
resultat 1 pour  Wycombe -VS- Ipswich
resultat 1 pour  AFC Wimbledon -VS- Stevenage
resultat 1 pour  Barrow -VS- Swindon
resultat 1 pour  Bradford -VS- Rochdale
resultat 1 pour  Colchester -VS- Salford
resultat 1 pour  Doncaster -VS- Harrogate
resultat 1 pour  Hartlepool -VS- Newport County
resultat 1 pour  Leyton Orient -VS- Sutton
resultat 1 pour  Mansfield -VS- Grimsby
resultat 1 pour  Northampton -VS- Carlisle
resultat 1 pour  Stockport -VS- Gillingham
resultat 1 pour  Tranmere -VS- Crawley Town
resultat 1 pour  Walsall -VS- Crewe
resultat 1 pour  Pisa -VS- Brescia
resultat 1 pour  Reggina -VS- Bari
resultat 1 pour  Cittadella -VS- Sudtirol
resultat 1 pour  Cosenza -VS- Ascoli
resultat 1 pour  Modena -VS- Benevento
resultat 1 pour  Parma -VS- Spal
resultat 1 pour  Ternana -VS- Como
resultat 1 pour  Palermo -VS- Cagliari
resultat 1 pour  Genoa -VS- Frosinone
resultat 1 pour  Perugia -VS- Venezia
resultat 1 pour  Aberdeen -VS- Celtic
resultat 1 pour  Hearts -VS- Kilmarnock
resultat 1 pour  Livingston -VS- Dundee United
resultat 1 pour  Motherwell -VS- St Mirren
resultat 1 pour  Ross County -VS- St Johnstone
resultat 1 pour  Dundee -VS- Cove Rangers
resultat 1 pour  Hamilton -VS- Inverness C
resultat 1 pour  Morton -VS- Queens Park
resultat 1 pour  Partick -VS- Ayr
resultat 1 pour  Raith Rvs -VS- Arbroath
resultat 1 pour  Airdrie Utd -VS- Dunfermline
resultat 1 pour  Alloa -VS- Falkirk
resultat 1 pour  FC Edinburgh -VS- Montrose
resultat 1 pour  Peterhead -VS- Clyde
resultat 1 pour  Queen of Sth -VS- Kelty Hearts
resultat 1 pour  Albion Rvs -VS- Elgin
resultat 1 pour  Annan Athletic -VS- Bonnyrigg Rose
resultat 1 pour  Dumbarton -VS- Stenhousemuir
resultat 1 pour  East Fife -VS- Stranraer
resultat 1 pour  Stirling -VS- Forfar
resultat 1 pour  Tenerife -VS- Andorra
resultat 1 pour  Lugo -VS- Granada
resultat 1 pour  Mirandes -VS- Ponferradina
resultat 1 pour  Cartagena -VS- Santander
resultat 1 pour  Villarreal B -VS- Las Palmas
resultat 1 pour  Oviedo -VS- Sp Gijon
resultat 1 pour  Albacete -VS- Ibiza
resultat 1 pour  Burgos -VS- Huesca
resultat 1 pour  Levante -VS- Eibar
resultat 1 pour  Malaga -VS- Alaves
resultat 1 pour  Leganes -VS- Zaragoza
Resultat 2 pour  FC Voluntari -VS- Farul Constanta
Resultat 2 pour  Sepsi Sf. Gheorghe -VS- U. Cluj
Resultat 2 pour  Univ. Craiova -VS- Chindia Targoviste
Resultat 2 pour  FC Arges -VS- Mioveni
Resultat 2 pour  Petrolul -VS- U Craiova 1948
Resultat 2 pour  UTA Arad -VS- FC Rapid Bucuresti
Resultat 2 pour  FCSB -VS- FC Botosani
Resultat 2 pour  CFR Cluj -VS- FC Hermannstadt
Errror 7887 -------------------------------- Cannot use None as a query value
------------------------- 2022-12-17 01:40:02.726954
resultat 1 pour  Birmingham -VS- Reading
resultat 1 pour  Bristol City -VS- Stoke
resultat 1 pour  Burnley -VS- Middlesbrough
resultat 1 pour  Cardiff -VS- Blackpool
resultat 1 pour  Coventry -VS- Swansea
resultat 1 pour  Huddersfield -VS- Watford
resultat 1 pour  Hull -VS- Sunderland
resultat 1 pour  Preston -VS- QPR
resultat 1 pour  West Brom -VS- Rotherham
resultat 1 pour  Norwich -VS- Blackburn
resultat 1 pour  Luton -VS- Millwall
resultat 1 pour  Wigan -VS- Sheffield United
resultat 1 pour  Barnsley -VS- Burton
resultat 1 pour  Bolton -VS- Exeter
resultat 1 pour  Charlton -VS- Bristol Rvs
resultat 1 pour  Cheltenham -VS- Lincoln
resultat 1 pour  Derby -VS- Forest Green
resultat 1 pour  Fleetwood Town -VS- Cambridge
resultat 1 pour  Peterboro -VS- Shrewsbury
resultat 1 pour  Plymouth -VS- Morecambe
resultat 1 pour  Port Vale -VS- Accrington
resultat 1 pour  Portsmouth -VS- Milton Keynes Dons
resultat 1 pour  Sheffield Weds -VS- Oxford
resultat 1 pour  Wycombe -VS- Ipswich
resultat 1 pour  AFC Wimbledon -VS- Stevenage
resultat 1 pour  Barrow -VS- Swindon
resultat 1 pour  Bradford -VS- Rochdale
resultat 1 pour  Colchester -VS- Salford
resultat 1 pour  Doncaster -VS- Harrogate
resultat 1 pour  Hartlepool -VS- Newport County
resultat 1 pour  Leyton Orient -VS- Sutton
resultat 1 pour  Mansfield -VS- Grimsby
resultat 1 pour  Northampton -VS- Carlisle
resultat 1 pour  Stockport -VS- Gillingham
resultat 1 pour  Tranmere -VS- Crawley Town
resultat 1 pour  Walsall -VS- Crewe
resultat 1 pour  Pisa -VS- Brescia
resultat 1 pour  Reggina -VS- Bari
resultat 1 pour  Cittadella -VS- Sudtirol
resultat 1 pour  Cosenza -VS- Ascoli
resultat 1 pour  Modena -VS- Benevento
resultat 1 pour  Parma -VS- Spal
resultat 1 pour  Ternana -VS- Como
resultat 1 pour  Palermo -VS- Cagliari
resultat 1 pour  Genoa -VS- Frosinone
resultat 1 pour  Perugia -VS- Venezia
resultat 1 pour  Aberdeen -VS- Celtic
resultat 1 pour  Hearts -VS- Kilmarnock
resultat 1 pour  Livingston -VS- Dundee United
resultat 1 pour  Motherwell -VS- St Mirren
resultat 1 pour  Ross County -VS- St Johnstone
resultat 1 pour  Dundee -VS- Cove Rangers
resultat 1 pour  Hamilton -VS- Inverness C
resultat 1 pour  Morton -VS- Queens Park
resultat 1 pour  Partick -VS- Ayr
resultat 1 pour  Raith Rvs -VS- Arbroath
resultat 1 pour  Airdrie Utd -VS- Dunfermline
resultat 1 pour  Alloa -VS- Falkirk
resultat 1 pour  FC Edinburgh -VS- Montrose
resultat 1 pour  Peterhead -VS- Clyde
resultat 1 pour  Queen of Sth -VS- Kelty Hearts
resultat 1 pour  Albion Rvs -VS- Elgin
resultat 1 pour  Annan Athletic -VS- Bonnyrigg Rose
resultat 1 pour  Dumbarton -VS- Stenhousemuir
resultat 1 pour  East Fife -VS- Stranraer
resultat 1 pour  Stirling -VS- Forfar
resultat 1 pour  Tenerife -VS- Andorra
resultat 1 pour  Lugo -VS- Granada
resultat 1 pour  Mirandes -VS- Ponferradina
resultat 1 pour  Cartagena -VS- Santander
resultat 1 pour  Villarreal B -VS- Las Palmas
resultat 1 pour  Oviedo -VS- Sp Gijon
resultat 1 pour  Albacete -VS- Ibiza
resultat 1 pour  Burgos -VS- Huesca
resultat 1 pour  Levante -VS- Eibar
resultat 1 pour  Malaga -VS- Alaves
resultat 1 pour  Leganes -VS- Zaragoza
Resultat 2 pour  FC Voluntari -VS- Farul Constanta
Resultat 2 pour  Sepsi Sf. Gheorghe -VS- U. Cluj
Resultat 2 pour  Univ. Craiova -VS- Chindia Targoviste
Resultat 2 pour  FC Arges -VS- Mioveni
Resultat 2 pour  Petrolul -VS- U Craiova 1948
Resultat 2 pour  UTA Arad -VS- FC Rapid Bucuresti
Resultat 2 pour  FCSB -VS- FC Botosani
Resultat 2 pour  CFR Cluj -VS- FC Hermannstadt
Errror 7887 -------------------------------- Cannot use None as a query value
------------------------- 2022-12-17 01:41:02.668468
resultat 1 pour  Birmingham -VS- Reading
resultat 1 pour  Bristol City -VS- Stoke
resultat 1 pour  Burnley -VS- Middlesbrough
resultat 1 pour  Cardiff -VS- Blackpool
resultat 1 pour  Coventry -VS- Swansea
resultat 1 pour  Huddersfield -VS- Watford
resultat 1 pour  Hull -VS- Sunderland
resultat 1 pour  Preston -VS- QPR
resultat 1 pour  West Brom -VS- Rotherham
resultat 1 pour  Norwich -VS- Blackburn
resultat 1 pour  Luton -VS- Millwall
resultat 1 pour  Wigan -VS- Sheffield United
resultat 1 pour  Barnsley -VS- Burton
resultat 1 pour  Bolton -VS- Exeter
resultat 1 pour  Charlton -VS- Bristol Rvs
resultat 1 pour  Cheltenham -VS- Lincoln
resultat 1 pour  Derby -VS- Forest Green
resultat 1 pour  Fleetwood Town -VS- Cambridge
resultat 1 pour  Peterboro -VS- Shrewsbury
resultat 1 pour  Plymouth -VS- Morecambe
resultat 1 pour  Port Vale -VS- Accrington
resultat 1 pour  Portsmouth -VS- Milton Keynes Dons
resultat 1 pour  Sheffield Weds -VS- Oxford
resultat 1 pour  Wycombe -VS- Ipswich
resultat 1 pour  AFC Wimbledon -VS- Stevenage
resultat 1 pour  Barrow -VS- Swindon
resultat 1 pour  Bradford -VS- Rochdale
resultat 1 pour  Colchester -VS- Salford
resultat 1 pour  Doncaster -VS- Harrogate
resultat 1 pour  Hartlepool -VS- Newport County
resultat 1 pour  Leyton Orient -VS- Sutton
resultat 1 pour  Mansfield -VS- Grimsby
resultat 1 pour  Northampton -VS- Carlisle
resultat 1 pour  Stockport -VS- Gillingham
resultat 1 pour  Tranmere -VS- Crawley Town
resultat 1 pour  Walsall -VS- Crewe
resultat 1 pour  Pisa -VS- Brescia
resultat 1 pour  Reggina -VS- Bari
resultat 1 pour  Cittadella -VS- Sudtirol
resultat 1 pour  Cosenza -VS- Ascoli
resultat 1 pour  Modena -VS- Benevento
resultat 1 pour  Parma -VS- Spal
resultat 1 pour  Ternana -VS- Como
resultat 1 pour  Palermo -VS- Cagliari
resultat 1 pour  Genoa -VS- Frosinone
resultat 1 pour  Perugia -VS- Venezia
resultat 1 pour  Aberdeen -VS- Celtic
resultat 1 pour  Hearts -VS- Kilmarnock
resultat 1 pour  Livingston -VS- Dundee United
resultat 1 pour  Motherwell -VS- St Mirren
resultat 1 pour  Ross County -VS- St Johnstone
resultat 1 pour  Dundee -VS- Cove Rangers
resultat 1 pour  Hamilton -VS- Inverness C
resultat 1 pour  Morton -VS- Queens Park
resultat 1 pour  Partick -VS- Ayr
resultat 1 pour  Raith Rvs -VS- Arbroath
resultat 1 pour  Airdrie Utd -VS- Dunfermline
resultat 1 pour  Alloa -VS- Falkirk
resultat 1 pour  FC Edinburgh -VS- Montrose
resultat 1 pour  Peterhead -VS- Clyde
resultat 1 pour  Queen of Sth -VS- Kelty Hearts
resultat 1 pour  Albion Rvs -VS- Elgin
resultat 1 pour  Annan Athletic -VS- Bonnyrigg Rose
resultat 1 pour  Dumbarton -VS- Stenhousemuir
resultat 1 pour  East Fife -VS- Stranraer
resultat 1 pour  Stirling -VS- Forfar
resultat 1 pour  Tenerife -VS- Andorra
resultat 1 pour  Lugo -VS- Granada
resultat 1 pour  Mirandes -VS- Ponferradina
resultat 1 pour  Cartagena -VS- Santander
resultat 1 pour  Villarreal B -VS- Las Palmas
resultat 1 pour  Oviedo -VS- Sp Gijon
resultat 1 pour  Albacete -VS- Ibiza
resultat 1 pour  Burgos -VS- Huesca
resultat 1 pour  Levante -VS- Eibar
resultat 1 pour  Malaga -VS- Alaves
resultat 1 pour  Leganes -VS- Zaragoza
Resultat 2 pour  FC Voluntari -VS- Farul Constanta
Resultat 2 pour  Sepsi Sf. Gheorghe -VS- U. Cluj
Resultat 2 pour  Univ. Craiova -VS- Chindia Targoviste
Resultat 2 pour  FC Arges -VS- Mioveni
Resultat 2 pour  Petrolul -VS- U Craiova 1948
Resultat 2 pour  UTA Arad -VS- FC Rapid Bucuresti
Resultat 2 pour  FCSB -VS- FC Botosani
Resultat 2 pour  CFR Cluj -VS- FC Hermannstadt
Errror 7887 -------------------------------- Cannot use None as a query value
