242 2022-04-02 2022-11-13
242 2021-04-10 2021-12-14
242 2020-06-14 2020-12-13
242 2019-03-31 2019-11-10
242 2018-04-01 2018-11-25
242 2017-04-01 2017-11-19
242 2016-04-02 2016-11-20
242 2015-04-04 2015-11-08
242 2014-03-30 2014-11-09
242 2013-03-31 2013-11-10
242 2012-03-31 2012-11-17
189 2022-08-05 2023-02-19
108 2022-07-22 2023-02-19
306 2021-08-13 2022-05-14
195 2021-07-23 2022-05-29
306 2020-09-18 2021-05-22
197 2020-09-11 2021-05-30
306 2019-08-16 2020-06-27
195 2019-07-26 2020-07-15
306 2018-08-24 2019-05-18
195 2018-07-27 2019-06-02
306 2017-08-18 2018-05-12
182 2017-07-22 2018-06-03
306 2016-08-26 2017-05-20
180 2016-07-23 2017-05-28
306 2015-08-14 2016-05-14
180 2015-07-25 2016-05-15
306 2014-08-22 2015-05-23
180 2014-07-19 2015-05-31
306 2013-08-09 2014-05-10
180 2013-07-20 2014-05-12
306 2012-08-24 2013-05-18
180 2012-07-21 2013-05-26
306 2011-08-05 2012-05-05
306 2010-08-20 2011-05-14
306 2009-08-07 2010-05-08
306 2008-08-15 2009-05-23
306 2007-08-10 2008-05-17
306 2006-08-11 2007-05-19
306 2005-08-05 2006-05-13
306 2004-08-06 2005-05-21
306 2003-08-01 2004-05-22
306 2002-08-09 2003-05-24
306 2001-07-28 2002-05-04
306 2000-08-11 2001-05-19
306 1999-08-13 2000-05-20
306 1998-08-14 1999-05-29
306 1997-08-01 1998-05-09
306 1996-08-16 1997-05-31
306 1995-08-11 1996-05-18
306 1994-08-19 1995-06-17
306 1993-08-07 1994-05-07
189 2022-07-15 2023-02-19
306 2021-07-23 2022-05-15
306 2020-09-18 2021-05-23
306 2019-07-26 2020-06-28
306 2018-08-03 2019-05-19
306 2017-07-28 2018-05-13
306 2016-08-05 2017-05-21
306 2015-07-24 2016-05-15
306 2014-08-01 2015-05-24
306 2013-07-19 2014-05-11
306 2012-08-03 2013-05-19
306 2011-07-15 2012-05-06
306 2010-08-20 2011-05-15
306 2009-08-07 2010-05-09
306 2008-08-15 2009-05-24
306 2007-08-10 2008-05-18
306 2006-08-11 2007-05-20
306 2005-08-06 2006-05-14
306 2004-08-07 2005-05-22
306 2003-08-03 2004-05-23
306 2002-08-10 2003-05-25
306 2001-07-27 2002-05-05
306 2000-08-11 2001-05-20
306 1999-08-13 2000-05-25
306 1998-07-30 1999-06-17
306 1997-07-25 1998-06-07
306 1996-08-02 1997-06-11
306 1995-08-04 1996-06-08
306 1994-08-20 1995-06-18
380 1993-07-28 1994-06-11
2 2021-05-27 2021-05-30
387 2022-07-29 2023-02-21
552 2021-08-06 2022-05-07
552 2020-09-11 2021-05-08
552 2019-08-02 2020-07-22
552 2018-08-03 2019-05-05
552 2017-08-04 2018-05-06
552 2016-08-05 2017-05-07
552 2015-08-07 2016-05-07
552 2014-08-08 2015-05-02
552 2013-08-03 2014-05-03
552 2012-08-17 2013-05-04
552 2011-08-05 2012-04-28
552 2010-08-06 2011-05-07
552 2009-08-07 2010-05-02
552 2008-08-09 2009-05-03
552 2007-08-11 2008-05-04
552 2006-08-05 2007-05-06
552 2005-08-06 2006-04-30
552 2004-08-07 2005-05-08
552 2003-08-09 2004-05-09
552 2002-08-10 2003-05-04
552 2001-08-11 2002-04-21
552 2000-08-12 2001-05-06
552 1999-08-07 2000-05-07
552 1998-08-08 1999-05-09
552 1997-08-09 1998-05-03
552 1996-08-16 1997-05-04
552 1995-08-12 1996-05-05
552 1994-08-13 1995-05-07
552 1993-08-14 1994-05-08
203 2022-02-10 2022-05-22
176 2021-02-12 2021-06-04
134 2020-10-30 2021-01-18
197 2022-07-15 2023-02-20
306 2021-07-23 2022-05-21
240 2020-08-21 2021-05-16
296 2019-07-19 2020-07-19
296 2018-07-20 2019-05-19
296 2017-07-14 2018-05-20
296 2016-07-15 2017-06-04
296 2015-07-17 2016-05-15
296 2014-07-18 2015-06-07
296 2013-07-19 2014-06-01
240 2012-08-17 2013-06-02
242 2022-04-02 2022-11-19
241 2021-05-09 2021-12-15
240 2020-06-16 2020-12-22
242 2019-03-30 2019-12-11
241 2018-03-11 2018-12-09
242 2017-04-01 2017-12-02
242 2016-03-11 2016-12-04
242 2015-04-06 2015-11-25
242 2014-03-28 2014-11-26
242 2013-03-15 2013-11-16
242 2012-03-23 2012-11-24
198 2022-08-05 2023-02-19
306 2021-08-13 2022-05-15
306 2020-09-12 2021-05-16
232 2019-08-02 2020-03-08
306 2018-08-10 2019-05-15
306 2017-08-11 2018-05-06
306 2016-08-05 2017-05-14
306 2015-08-08 2016-05-08
306 2014-08-08 2015-05-17
306 2013-08-02 2014-05-03
306 2012-08-10 2013-05-12
306 2011-08-05 2012-05-06
306 2010-08-06 2011-05-15
306 2009-07-31 2010-05-02
306 2008-08-29 2009-05-10
306 2007-08-17 2008-04-20
306 2006-08-18 2007-04-29
306 2005-08-12 2006-04-16
306 2004-08-13 2005-05-22
306 2003-08-15 2004-05-16
306 2002-08-16 2003-05-29
306 2001-08-17 2002-05-05
306 2000-08-18 2001-05-31
306 1999-08-12 2000-05-14
306 1998-08-20 1999-05-23
306 1997-08-19 1998-05-10
306 1996-08-20 1997-06-01
306 1995-08-18 1996-05-05
306 1994-08-26 1995-05-28
306 1993-08-14 1994-05-08
8 2023-02-18 2023-02-18
310 2022-02-18 2022-11-13
380 2021-02-26 2021-12-04
306 2020-02-21 2020-12-19
310 2019-02-22 2019-12-14
309 2018-02-23 2018-12-08
306 2017-02-25 2017-12-02
309 2016-02-27 2016-12-03
309 2015-03-07 2015-12-05
306 2014-03-01 2014-12-06
306 2013-03-02 2013-12-07
306 2012-03-10 2012-12-01
232 2022-07-22 2023-02-19
306 2021-07-23 2022-04-10
306 2020-08-08 2021-04-18
232 2019-07-26 2020-03-07
240 2018-07-27 2019-03-17
240 2017-07-28 2018-03-11
240 2016-07-29 2017-03-12
240 2015-07-24 2016-03-13
240 2014-07-25 2015-03-15
240 2013-07-26 2014-03-16
240 2012-07-28 2013-03-16
240 2011-07-29 2012-03-21
240 2010-07-30 2011-03-23
210 2009-07-31 2010-03-21
306 2008-08-16 2009-05-16
306 2007-08-03 2008-05-10
306 2006-07-28 2007-05-19
306 2005-08-05 2006-05-05
306 2004-08-06 2005-05-21
306 2003-08-08 2004-05-15
272 2002-08-09 2003-05-25
306 2001-08-11 2002-05-05
306 2000-08-12 2001-05-20
306 1999-08-06 2000-05-11
306 1998-08-21 1999-05-16
306 1997-08-08 1998-05-10
306 1996-08-01 1997-05-25
306 1995-08-04 1996-05-12
220 2022-08-12 2023-02-20
380 2021-08-13 2022-05-22
380 2020-09-12 2021-05-23
380 2019-08-16 2020-07-19
380 2018-08-17 2019-05-19
380 2017-08-18 2018-05-20
380 2016-08-19 2017-05-21
380 2015-08-21 2016-05-15
380 2014-08-23 2015-05-23
380 2013-08-17 2014-05-18
380 2012-08-18 2013-06-01
380 2011-08-27 2012-05-13
380 2010-08-28 2011-05-21
380 2009-08-29 2010-05-16
380 2008-08-30 2009-05-31
380 2007-08-25 2008-05-18
380 2006-08-26 2007-06-17
380 2005-08-27 2006-05-20
380 2004-08-28 2005-05-29
380 2003-08-30 2004-05-23
380 2002-08-31 2003-06-22
380 2001-08-25 2002-05-11
380 2000-09-09 2001-06-17
380 1999-08-21 2000-05-20
380 1998-08-29 1999-06-20
380 1997-08-30 1998-05-16
462 1996-08-31 1997-06-23
462 1995-09-02 1996-05-26
380 1994-09-03 1995-06-18
380 1993-09-05 1994-05-15
376 2022-07-30 2023-02-18
552 2021-08-07 2022-04-30
552 2020-09-12 2021-05-09
400 2019-08-03 2020-03-10
552 2018-08-04 2019-05-04
552 2017-08-05 2018-05-05
552 2016-08-06 2017-04-30
552 2015-08-08 2016-05-08
552 2014-08-09 2015-05-03
552 2013-08-02 2014-05-03
552 2012-08-18 2013-04-27
552 2011-08-06 2012-05-05
552 2010-08-07 2011-05-07
552 2009-08-08 2010-05-08
552 2008-08-09 2009-05-02
552 2007-08-11 2008-05-03
552 2006-08-05 2007-05-05
552 2005-08-06 2006-05-06
552 2004-08-07 2005-05-07
552 2003-08-09 2004-05-08
552 2002-08-10 2003-05-03
552 2001-08-11 2002-04-20
552 2000-08-12 2001-05-05
552 1999-08-07 2000-05-06
552 1998-08-08 1999-05-08
552 1997-08-09 1998-05-02
552 1996-08-17 1997-05-03
552 1995-08-12 1996-05-09
552 1994-08-13 1995-05-06
552 1993-08-14 1994-05-07
371 2022-07-30 2023-02-18
552 2021-08-07 2022-05-07
552 2020-09-12 2021-05-08
440 2019-08-03 2020-03-10
552 2018-08-04 2019-05-04
552 2017-08-05 2018-05-05
552 2016-08-06 2017-05-06
552 2015-08-08 2016-05-07
552 2014-08-09 2015-05-02
552 2013-08-03 2014-05-03
552 2012-08-18 2013-04-27
552 2011-08-06 2012-05-05
552 2010-08-07 2011-05-07
552 2009-08-08 2010-05-08
552 2008-08-09 2009-05-02
552 2007-08-11 2008-05-03
552 2006-08-05 2007-05-05
552 2005-08-06 2006-05-06
552 2004-08-07 2005-05-07
552 2003-08-09 2004-05-08
552 2002-08-10 2003-05-03
552 2001-08-11 2002-04-20
552 2000-08-12 2001-05-08
552 1999-08-07 2000-05-06
552 1998-08-08 1999-05-08
552 1997-08-09 1998-05-02
552 1996-08-17 1997-05-03
552 1995-08-12 1996-05-04
462 1994-08-13 1995-05-06
462 1993-08-14 1994-05-07
211 2022-07-15 2023-02-20
320 2021-07-15 2022-05-29
321 2020-08-21 2021-06-03
262 2019-07-12 2020-08-12
270 2018-07-20 2019-06-12
270 2017-07-14 2018-06-13
270 2016-07-22 2017-06-15
272 2015-07-10 2016-06-12
306 2014-07-25 2015-05-30
306 2013-07-19 2014-05-21
307 2012-07-20 2013-07-13
244 2022-07-02 2023-02-20
342 2021-07-23 2022-05-30
342 2020-07-25 2021-05-31
274 2019-07-20 2020-03-16
334 2018-07-21 2019-05-27
334 2017-07-22 2018-05-21
334 2016-07-16 2017-05-29
334 2015-07-25 2016-05-30
334 2014-07-19 2015-06-01
334 2013-07-20 2014-05-19
334 2012-07-21 2013-05-27
189 2022-08-05 2023-02-20
306 2021-08-06 2022-05-15
306 2020-09-18 2021-05-19
306 2019-08-09 2020-07-26
306 2018-08-10 2019-05-19
306 2017-08-06 2018-05-13
306 2016-08-12 2017-05-21
306 2015-08-14 2016-05-15
306 2014-08-15 2015-05-23
240 2013-08-16 2014-05-11
240 2012-08-17 2013-05-19
240 2011-08-12 2012-05-12
240 2010-08-13 2011-05-14
240 2009-08-14 2010-05-09
240 2008-08-22 2009-05-24
240 2007-08-17 2008-05-11
240 2006-08-25 2007-05-20
306 2005-08-19 2006-05-07
306 2004-08-28 2005-05-22
306 2003-08-16 2004-05-09
306 2002-08-22 2003-06-01
306 2001-08-10 2002-05-05
306 2000-08-18 2001-05-27
306 1999-08-20 2000-05-14
306 1998-08-21 1999-05-30
306 1997-08-23 1998-05-17
306 1996-08-23 1997-06-15
306 1995-08-20 1996-05-12
306 1994-08-20 1995-06-15
240 2022-08-05 2023-02-19
380 2021-08-06 2022-05-21
380 2020-08-21 2021-05-23
279 2019-08-09 2020-03-08
380 2018-08-10 2019-05-24
380 2017-08-04 2018-05-19
380 2016-08-12 2017-05-20
380 2015-08-07 2016-05-14
380 2014-08-08 2015-05-23
380 2013-08-09 2014-05-17
380 2012-08-10 2013-05-26
380 2011-08-06 2012-05-20
380 2010-08-07 2011-05-29
380 2009-08-08 2010-05-15
380 2008-08-09 2009-05-30
380 2007-08-04 2008-05-17
380 2006-08-04 2007-05-26
380 2005-07-29 2006-05-13
380 2004-08-06 2005-05-28
380 2003-08-01 2004-05-23
380 2002-08-02 2003-05-24
306 2001-07-27 2002-05-04
306 2000-07-28 2001-05-19
306 1999-07-30 2000-05-13
306 1998-08-07 1999-05-29
306 1997-08-01 1998-05-09
380 1996-08-11 1997-05-24
380 1995-07-19 1996-05-18
380 1994-07-28 1995-05-31
380 1993-07-23 1994-05-21
240 2022-07-30 2023-02-20
380 2021-07-24 2022-05-14
380 2020-08-22 2021-05-15
280 2019-07-26 2020-03-09
380 2018-07-27 2019-05-17
380 2017-07-28 2018-05-11
380 2016-07-29 2017-05-19
380 2015-07-31 2016-05-13
380 2014-08-01 2015-05-22
380 2013-08-02 2014-05-16
380 2012-07-27 2013-05-24
380 2011-07-29 2012-05-18
380 2010-08-06 2011-05-27
380 2009-08-07 2010-05-14
380 2008-08-01 2009-05-29
380 2007-07-27 2008-05-16
380 2006-07-28 2007-05-25
380 2005-07-29 2006-05-12
380 2004-08-06 2005-05-27
380 2003-08-01 2004-05-22
380 2002-08-02 2003-05-23
380 2001-07-28 2002-05-03
380 2000-07-28 2001-05-18
380 1999-07-31 2000-05-20
380 1998-08-08 1999-05-29
462 1997-08-02 1998-05-08
462 1996-08-10 1997-05-24
489 2022-02-26 2022-11-05
472 2021-04-17 2021-12-11
324 2020-02-29 2020-12-13
421 2019-03-02 2019-11-10
408 2018-03-03 2018-12-09
391 2017-03-04 2017-12-09
357 2016-03-06 2016-12-11
357 2015-03-07 2015-12-06
338 2014-03-08 2014-12-07
338 2013-03-02 2013-12-07
338 2012-03-10 2012-12-01
370 2022-08-06 2023-02-18
506 2021-08-21 2022-05-15
477 2020-10-03 2021-05-29
451 2019-08-03 2020-03-14
552 2018-08-04 2019-04-27
552 2017-08-05 2018-04-28
552 2016-08-06 2017-04-29
552 2015-08-08 2016-04-30
552 2014-08-09 2015-04-25
552 2013-08-10 2014-04-26
552 2012-08-10 2013-04-20
552 2011-08-12 2012-04-28
552 2010-08-14 2011-04-30
506 2009-08-08 2010-04-24
552 2008-08-08 2009-04-26
552 2007-08-11 2008-04-26
552 2006-08-12 2007-04-28
462 2005-08-13 2006-04-29
5 2023-02-17 2023-02-18
182 2022-02-18 2023-02-18
186 2021-03-19 2021-11-26
94 2020-02-14 2020-11-15
186 2019-02-15 2019-11-01
185 2018-02-16 2018-11-02
198 2017-02-24 2017-10-27
202 2016-03-04 2016-11-04
202 2015-03-06 2015-11-06
202 2014-03-07 2014-10-31
202 2013-03-08 2013-11-01
183 2012-03-02 2012-11-02
231 2022-08-05 2023-02-19
136 2022-07-15 2022-11-13
380 2021-08-13 2022-05-22
244 2021-07-23 2022-05-28
380 2020-09-12 2021-05-23
240 2020-08-08 2021-05-16
380 2019-08-09 2020-07-26
240 2019-07-12 2020-07-22
380 2018-08-10 2019-05-12
244 2018-07-28 2019-06-02
380 2017-08-11 2018-05-13
244 2017-07-15 2018-05-20
380 2016-08-13 2017-05-21
244 2016-07-30 2017-05-28
380 2015-08-08 2016-05-17
244 2015-07-17 2016-05-27
380 2014-08-16 2015-05-24
244 2014-08-01 2015-06-07
380 2013-08-17 2014-05-11
244 2013-07-14 2014-05-22
380 2012-08-18 2013-05-19
244 2012-07-20 2013-06-03
380 2011-08-13 2012-05-13
380 2010-08-14 2011-05-22
380 2009-08-15 2010-05-09
380 2008-08-16 2009-05-24
380 2007-08-11 2008-05-11
380 2006-08-19 2007-05-13
380 2005-08-13 2006-05-07
380 2004-08-14 2005-05-15
380 2003-08-16 2004-05-15
380 2002-08-17 2003-05-11
380 2001-08-18 2002-05-11
380 2000-08-19 2001-05-19
380 1999-08-07 2000-05-14
380 1998-08-15 1999-05-16
380 1997-08-09 1998-05-10
380 1996-08-17 1997-05-11
380 1995-08-19 1996-05-04
462 1994-08-20 1995-05-14
462 1993-08-14 1994-05-08
56 2023-01-27 2023-02-21
392 2022-06-04 2023-01-30
325 2021-07-16 2021-12-13
276 2019-07-27 2020-03-10
324 2018-08-10 2019-04-07
378 2017-08-25 2018-05-15
450 2016-08-26 2017-06-28
242 2016-02-05 2016-05-29
468 2015-02-13 2015-12-07
190 2014-08-08 2014-12-14
383 2013-08-02 2015-01-29
381 2012-08-03 2013-06-29
122 2022-07-30 2023-02-18
180 2021-07-31 2022-04-29
135 2020-10-16 2021-04-30
137 2019-08-02 2020-03-10
180 2018-08-04 2019-05-04
180 2017-08-05 2018-04-28
180 2016-08-06 2017-05-06
180 2015-08-07 2016-05-01
180 2014-08-09 2015-05-02
180 2013-08-10 2014-05-03
180 2012-08-11 2013-05-04
180 2011-08-06 2012-05-05
180 2010-08-07 2011-05-07
180 2009-08-08 2010-05-01
180 2008-08-02 2009-05-11
180 2007-08-04 2008-04-26
180 2006-08-05 2007-04-28
180 2005-08-06 2006-04-29
180 2004-08-07 2005-05-07
180 2003-08-09 2004-05-15
180 2002-08-03 2003-05-10
180 2001-08-04 2002-04-27
180 2000-08-05 2001-05-05
180 1999-08-07 2000-05-06
180 1998-08-04 1999-05-08
180 1997-08-02 1998-05-09
180 1996-08-17 1997-05-10
180 1995-08-13 1996-05-04
180 1994-08-13 1995-05-13
124 2022-07-30 2023-02-18
180 2021-07-31 2022-04-30
110 2020-10-17 2021-05-06
139 2019-08-03 2020-03-10
180 2018-08-04 2019-05-04
180 2017-08-05 2018-04-28
180 2016-08-06 2017-05-06
180 2015-08-08 2016-04-30
180 2014-08-09 2015-05-02
180 2013-08-10 2014-05-03
180 2012-08-11 2013-05-04
180 2011-08-06 2012-05-05
180 2010-08-07 2011-05-07
180 2009-08-08 2010-05-01
180 2008-08-02 2009-05-11
180 2007-08-04 2008-04-26
180 2006-08-05 2007-04-28
180 2005-08-06 2006-04-29
180 2004-08-07 2005-05-07
180 2003-08-09 2004-05-15
180 2002-08-03 2003-05-10
180 2001-08-04 2002-04-27
180 2000-08-05 2001-05-05
180 1999-08-07 2000-05-06
180 1998-08-04 1999-05-08
180 1997-08-05 1998-05-09
120 2022-07-30 2023-02-18
180 2021-07-31 2022-04-30
110 2020-10-17 2021-05-04
137 2019-08-03 2020-03-10
180 2018-08-04 2019-05-04
180 2017-08-05 2018-04-28
180 2016-08-06 2017-05-06
180 2015-08-08 2016-04-30
180 2014-08-09 2015-05-02
180 2013-08-10 2014-05-03
180 2012-08-11 2013-05-04
180 2011-08-06 2012-05-05
180 2010-08-07 2011-05-07
180 2009-08-08 2010-05-01
180 2008-08-02 2009-05-09
180 2007-08-04 2008-04-26
180 2006-08-05 2007-04-28
180 2005-08-06 2006-04-29
180 2004-08-07 2005-05-07
180 2003-08-09 2004-05-15
180 2002-08-03 2003-05-10
180 2001-08-04 2002-04-27
180 2000-08-05 2001-05-05
180 1999-08-07 2000-05-06
180 1998-08-04 1999-05-08
180 1997-08-05 1998-05-09
155 2022-07-30 2023-02-19
228 2021-07-31 2022-05-15
228 2020-08-01 2021-05-16
179 2019-08-03 2020-03-11
228 2018-08-04 2019-05-19
228 2017-08-05 2018-05-13
228 2016-08-06 2017-05-21
228 2015-08-01 2016-05-15
228 2014-08-09 2015-05-24
228 2013-08-02 2014-05-11
228 2012-08-04 2013-05-19
228 2011-07-23 2012-05-13
228 2010-08-14 2011-05-15
228 2009-08-15 2010-05-09
228 2008-08-09 2009-05-24
228 2007-08-04 2008-05-22
228 2006-07-29 2007-05-20
228 2005-07-30 2006-05-07
228 2004-08-07 2005-05-22
228 2003-08-09 2004-05-16
228 2002-08-03 2003-05-25
228 2001-07-28 2002-05-12
228 2000-07-29 2001-05-20
180 1999-07-31 2000-05-20
180 1998-08-01 1999-05-23
180 1997-08-02 1998-05-09
180 1996-08-10 1997-05-10
180 1995-08-26 1996-05-04
180 1994-08-13 1995-05-13
308 2022-08-12 2023-02-20
462 2021-08-13 2022-05-29
462 2020-09-12 2021-05-30
462 2019-08-17 2020-08-07
462 2018-08-17 2019-06-09
462 2017-08-18 2018-06-02
462 2016-08-19 2017-06-11
462 2015-08-22 2016-06-04
462 2014-08-23 2015-06-07
462 2013-08-16 2014-06-08
462 2012-08-17 2013-06-09
462 2011-08-26 2012-06-03
462 2010-08-27 2011-06-04
462 2009-08-29 2010-06-19
462 2008-08-30 2009-06-21
462 2007-08-25 2008-06-15
462 2006-08-26 2007-06-17
462 2005-08-27 2006-06-18
462 2004-08-28 2005-06-18
462 2003-08-30 2004-06-19
462 2002-08-31 2003-06-29
462 2001-08-25 2002-05-25
462 2000-09-02 2001-06-17
462 1999-08-22 2000-06-04
462 1998-08-29 1999-06-20
462 1997-08-30 1998-05-16
380 1996-08-31 1997-06-15
230 2022-08-13 2023-02-20
380 2022-04-09 2022-11-13
380 2021-08-21 2022-05-22
380 2021-05-29 2021-12-10
380 2020-09-19 2021-05-23
380 2020-08-08 2021-02-26
380 2019-08-24 2020-08-02
380 2019-04-27 2019-12-08
380 2018-08-18 2019-05-26
380 2018-04-14 2018-12-02
380 2017-08-19 2018-05-20
380 2017-05-13 2017-12-03
380 2016-08-20 2017-05-28
380 2016-05-14 2016-12-11
380 2015-08-22 2016-05-15
380 2015-05-09 2015-12-06
380 2014-08-30 2015-05-31
380 2014-04-19 2014-12-07
380 2013-08-24 2014-05-18
380 2013-05-25 2013-12-08
380 2012-08-25 2013-05-19
380 2012-05-19 2012-12-02
380 2011-09-09 2012-05-13
380 2010-08-28 2011-05-22
380 2009-08-22 2010-05-16
380 2008-08-30 2009-05-31
380 2007-08-25 2008-05-18
380 2006-09-09 2007-05-27
380 2005-08-27 2006-05-14
380 2004-09-11 2005-05-29
306 2003-08-30 2004-05-16
306 2002-09-14 2003-05-24
306 2001-08-25 2002-05-05
306 2000-09-30 2001-06-17
306 1999-08-28 2000-05-14
306 1998-09-12 1999-05-23
306 1997-08-31 1998-05-16
306 1996-09-08 1997-06-01
306 1995-08-27 1996-05-12
306 1994-09-04 1995-06-04
306 1993-08-29 1994-05-01
251 2022-08-12 2023-02-19
380 2021-08-20 2022-05-06
380 2020-09-25 2021-05-10
380 2019-08-23 2020-07-31
342 2018-08-24 2019-05-11
462 2017-08-25 2018-05-18
462 2016-08-26 2017-05-18
462 2015-09-05 2016-05-20
462 2014-08-29 2015-05-22
462 2013-08-23 2014-05-30
462 2012-08-24 2013-05-19
462 2011-08-25 2012-05-26
462 2010-08-20 2011-05-29
462 2009-08-21 2010-05-30
462 2008-08-29 2009-05-30
462 2007-08-25 2008-06-01
462 2006-09-08 2007-06-10
462 2005-08-26 2006-05-28
462 2004-09-10 2005-06-11
552 2003-09-07 2004-06-12
380 2002-09-14 2003-06-07
380 2001-08-24 2002-06-02
380 2000-09-01 2001-06-10
380 1999-08-29 2000-06-11
380 1998-09-05 1999-06-13
380 1997-08-31 1998-06-14
306 2022-06-03 2022-12-31
180 2021-04-20 2022-01-12
162 2020-07-25 2020-11-22
240 2019-03-01 2019-12-01
240 2018-03-02 2018-11-11
240 2017-03-03 2017-11-04
240 2016-03-04 2016-10-30
240 2015-03-07 2015-10-31
240 2014-03-07 2014-11-02
161 2022-08-19 2023-02-20
240 2021-09-11 2022-05-17
240 2020-09-11 2021-05-19
240 2019-08-24 2020-07-19
240 2018-08-25 2019-05-05
240 2017-08-19 2018-05-07
240 2016-09-10 2017-04-30
240 2015-08-22 2016-04-17
306 2014-08-23 2015-05-10
306 2013-08-17 2014-04-13
240 2012-08-25 2013-04-21
240 2011-08-27 2012-04-22
240 2010-08-27 2011-04-17
240 2009-08-22 2010-04-18
240 2008-08-30 2009-04-26
240 2007-09-01 2008-04-20
240 2006-08-19 2007-05-13
240 2005-08-27 2006-05-14
240 2004-09-18 2005-05-25
240 2003-08-23 2004-05-22
240 2002-08-24 2003-05-25
182 2001-09-22 2002-05-08
240 2000-09-16 2001-05-27
306 1999-09-19 2000-05-28
306 1998-08-23 1999-05-30
306 1997-08-31 1998-05-18
306 1996-09-06 1997-05-25
306 1995-08-26 1996-05-29
306 1994-09-24 1995-06-04
108 2022-07-15 2023-02-20
193 2021-07-16 2022-05-29
193 2020-09-11 2021-05-28
243 2019-07-12 2020-07-29
251 2018-07-13 2019-06-02
255 2017-07-14 2018-05-27
255 2016-07-15 2017-06-04
198 2015-07-17 2016-05-29
198 2014-07-18 2015-06-07
198 2013-07-19 2014-05-18
198 2012-07-13 2013-05-20
106 2022-07-16 2023-02-19
181 2021-07-24 2022-05-29
180 2020-09-19 2021-05-21
182 2019-07-19 2020-08-10
182 2018-07-21 2019-06-02
180 2017-07-22 2018-05-19
180 2016-07-23 2017-06-02
180 2015-07-18 2016-05-25
180 2014-07-19 2015-05-29
180 2013-07-13 2014-05-18
180 2012-07-13 2013-06-01
207 2022-08-05 2023-02-06
380 2021-08-13 2022-05-22
420 2020-09-11 2021-05-15
306 2019-08-16 2020-07-26
306 2018-08-10 2019-05-26
306 2017-08-11 2018-05-19
306 2016-08-19 2017-06-03
306 2015-08-14 2016-05-19
306 2014-08-29 2015-05-30
306 2013-08-16 2014-05-18
306 2012-08-17 2013-05-19
306 2011-09-10 2012-04-08
306 2010-08-14 2011-05-22
272 2009-08-07 2010-05-16
306 2008-08-23 2009-05-30
306 2007-08-10 2008-05-10
306 2006-08-04 2007-05-26
306 2005-08-05 2006-05-14
306 2004-08-06 2005-05-29
306 2003-08-08 2004-05-15
306 2002-08-09 2003-05-31
306 2001-08-10 2002-05-04
306 2000-08-11 2001-05-26
306 1999-08-06 2000-05-21
306 1998-08-07 1999-05-30
306 1997-08-03 1998-05-10
306 1996-08-11 1997-05-25
306 1995-08-11 1996-05-19
306 1994-08-13 1995-05-21
170 2022-04-02 2022-10-30
164 2021-04-24 2021-11-07
134 2020-07-01 2020-11-14
169 2019-04-03 2019-11-03
200 2018-04-07 2018-11-03
200 2017-04-05 2017-11-04
200 2016-04-02 2016-10-29
200 2015-04-12 2015-10-31
198 2014-04-06 2014-10-26
198 2013-04-13 2013-10-26
198 2012-04-15 2012-10-27
Ranking pour le ------------------------- 2023-02-21 15:01:25.773138+00:00
Error  'NoneType' object has no attribute 'date'
Ranking pour le ------------------------- 2023-02-21 16:00:58.612069+00:00
Ranking de -- Premier Division - 2023
Ranking de -- J1 League - 2023
Ranking de -- Primera Nacional - 2023
Ranking de -- Scottish Championship - 2022-2023
Ranking de -- Championship - 2022-2023
Ranking de -- Superliga - 2022-2023
Ranking de -- Premier League - 2022-2023
Ranking de -- Scottish Premiership - 2022-2023
Ranking de -- Premier League - 2022-2023
Ranking de -- League One - 2022-2023
Ranking de -- Liga MX - 2022-2023
Ranking de -- Liga 1 - 2022-2023
Ranking de -- Süper Lig - 2022-2023
Ranking de -- Bundesliga - 2022-2023
Ranking de -- Ligue 1 - 2022-2023
Ranking de -- Bundesliga 2 - 2022-2023
Ranking de -- Liga NOS - 2022-2023
Ranking de -- Bundesliga - 2022-2023
Ranking de -- League Two - 2022-2023
Ranking de -- Serie A - 2022-2023
Ranking de -- Scottish League Two - 2022-2023
Ranking de -- National League - 2022-2023
Ranking de -- Jupiler Pro League - 2022-2023
Ranking de -- La Liga - 2022-2023
Ranking de -- Scottish League One - 2022-2023
Ranking de -- Segunda Liga - 2022-2023
Ranking de -- Serie B - 2022-2023
Ranking de -- Swiss Super League - 2022-2023
Ranking de -- Superleague Elláda - 2022-2023
Ranking de -- Eredivisie - 2022-2023
Ranking de -- Ligue 2 - 2022-2023
Ranking de -- Ekstraklasa - 2022-2023
Ranking de -- Eliteserien - 2022
Ranking de -- Copa de la Liga Profesional - 2022
Ranking de -- Allsvenskan - 2022
Ranking de -- Veikkausliiga - 2022
Ranking pour le ------------------------- 2023-02-21 17:00:57.575656+00:00
Ranking pour le ------------------------- 2023-02-21 18:01:02.754831+00:00
Ranking pour le ------------------------- 2023-02-21 19:00:50.260945+00:00
Ranking pour le ------------------------- 2023-02-21 20:01:21.632185+00:00
Ranking pour le ------------------------- 2023-02-22 00:01:04.217828+00:00
Ranking pour le ------------------------- 2023-02-22 09:00:45.905739+00:00
Ranking pour le ------------------------- 2023-02-22 10:00:42.846454+00:00
Ranking pour le ------------------------- 2023-02-22 11:01:02.327408+00:00
Ranking pour le ------------------------- 2023-02-22 12:00:49.876177+00:00
Ranking pour le ------------------------- 2023-02-22 13:00:50.262060+00:00
Ranking pour le ------------------------- 2023-02-22 14:00:47.645215+00:00
Ranking pour le ------------------------- 2023-02-22 15:00:52.257163+00:00
Ranking pour le ------------------------- 2023-02-22 16:00:53.596011+00:00
Ranking pour le ------------------------- 2023-02-22 17:02:33.040213+00:00
Ranking pour le ------------------------- 2023-02-23 10:00:52.677819+00:00
Ranking de -- Premier Division - 2023
Ranking de -- J1 League - 2023
Ranking de -- Primera Nacional - 2023
Ranking de -- Scottish Championship - 2022-2023
Ranking de -- Championship - 2022-2023
Ranking de -- Superliga - 2022-2023
Ranking de -- Premier League - 2022-2023
Ranking de -- Scottish Premiership - 2022-2023
Ranking de -- Premier League - 2022-2023
Ranking de -- League One - 2022-2023
Ranking de -- Liga MX - 2022-2023
Ranking de -- Liga 1 - 2022-2023
Ranking de -- Süper Lig - 2022-2023
Ranking de -- Bundesliga - 2022-2023
Ranking de -- Ligue 1 - 2022-2023
Ranking de -- Bundesliga 2 - 2022-2023
Ranking de -- Liga NOS - 2022-2023
Ranking de -- Bundesliga - 2022-2023
Ranking de -- League Two - 2022-2023
Ranking de -- Serie A - 2022-2023
Ranking de -- Scottish League Two - 2022-2023
Ranking de -- National League - 2022-2023
Ranking de -- Jupiler Pro League - 2022-2023
Ranking de -- La Liga - 2022-2023
Ranking de -- Scottish League One - 2022-2023
Ranking de -- Segunda Liga - 2022-2023
Ranking de -- Serie B - 2022-2023
Ranking de -- Swiss Super League - 2022-2023
Ranking de -- Superleague Elláda - 2022-2023
Ranking de -- Eredivisie - 2022-2023
Ranking de -- Ligue 2 - 2022-2023
Ranking de -- Ekstraklasa - 2022-2023
Ranking de -- Eliteserien - 2022
Ranking de -- Copa de la Liga Profesional - 2022
Ranking de -- Allsvenskan - 2022
Ranking de -- Veikkausliiga - 2022
Ranking pour le ------------------------- 2023-02-23 11:01:08.645485+00:00
Ranking pour le ------------------------- 2023-02-23 12:01:03.899519+00:00
Ranking pour le ------------------------- 2023-02-23 13:00:51.898395+00:00
Ranking pour le ------------------------- 2023-02-23 14:00:54.699083+00:00
Ranking pour le ------------------------- 2023-02-23 16:00:52.945359+00:00
