------------------------- 2023-02-21 15:00:02.801014
Mechelen -VS- Genk 2023-02-17
Antwerp -VS- Eupen 2023-02-18
Oostende -VS- Charleroi 2023-02-18
Seraing -VS- Waregem 2023-02-18
St. Gilloise -VS- Standard 2023-02-18
Cercle Brugge -VS- Club Brugge 2023-02-19
Gent -VS- Oud-Heverlee Leuven 2023-02-19
Kortrijk -VS- Anderlecht 2023-02-19
St Truiden -VS- Westerlo 2023-02-19
Augsburg -VS- Hoffenheim 2023-02-17
Bochum -VS- Freiburg 2023-02-18
M'gladbach -VS- Bayern Munich 2023-02-18
Stuttgart -VS- FC Koln 2023-02-18
Wolfsburg -VS- RB Leipzig 2023-02-18
Ein Frankfurt -VS- Werder Bremen 2023-02-18
Union Berlin -VS- Schalke 04 2023-02-19
Dortmund -VS- Hertha 2023-02-19
Leverkusen -VS- Mainz 2023-02-19
Braunschweig -VS- Holstein Kiel 2023-02-17
Paderborn -VS- Kaiserslautern 2023-02-17
Greuther Furth -VS- Fortuna Dusseldorf 2023-02-18
Magdeburg -VS- St Pauli 2023-02-18
Regensburg -VS- Hannover 2023-02-18
Hansa Rostock -VS- Darmstadt 2023-02-18
Hamburg -VS- Bielefeld 2023-02-19
Heidenheim -VS- Nurnberg 2023-02-19
Sandhausen -VS- Karlsruhe 2023-02-19
Aston Villa -VS- Arsenal 2023-02-18
Brentford -VS- Crystal Palace 2023-02-18
Brighton -VS- Fulham 2023-02-18
Chelsea -VS- Southampton 2023-02-18
Everton -VS- Leeds 2023-02-18
Nott'm Forest -VS- Man City 2023-02-18
Wolves -VS- Bournemouth 2023-02-18
Newcastle -VS- Liverpool 2023-02-18
Man United -VS- Leicester 2023-02-19
Tottenham -VS- West Ham 2023-02-19
Cardiff -VS- Reading 2023-02-17
Millwall -VS- Sheffield United 2023-02-18
Blackburn -VS- Swansea 2023-02-18
Blackpool -VS- Stoke 2023-02-18
Huddersfield -VS- Birmingham 2023-02-18
Hull -VS- Preston 2023-02-18
Luton -VS- Burnley 2023-02-18
Middlesbrough -VS- QPR 2023-02-18
Rotherham -VS- Coventry 2023-02-18
Sunderland -VS- Bristol City 2023-02-18
Wigan -VS- Norwich 2023-02-18
Watford -VS- West Brom 2023-02-20
Accrington -VS- Shrewsbury 2023-02-18
Bristol Rvs -VS- Burton 2023-02-18
Cambridge -VS- Oxford 2023-02-18
Cheltenham -VS- Barnsley 2023-02-18
Derby -VS- Charlton 2023-02-18
Ipswich -VS- Forest Green 2023-02-18
Lincoln -VS- Portsmouth 2023-02-18
Morecambe -VS- Peterboro 2023-02-18
Plymouth -VS- Fleetwood Town 2023-02-18
Port Vale -VS- Exeter 2023-02-18
Sheffield Weds -VS- Milton Keynes Dons 2023-02-18
Wycombe -VS- Bolton 2023-02-18
Northampton -VS- Grimsby 2023-02-18
AFC Wimbledon -VS- Hartlepool 2023-02-18
Bradford -VS- Barrow 2023-02-18
Carlisle -VS- Colchester 2023-02-18
Harrogate -VS- Crewe 2023-02-18
Leyton Orient -VS- Crawley Town 2023-02-18
Rochdale -VS- Gillingham 2023-02-18
Salford -VS- Swindon 2023-02-18
Stockport -VS- Stevenage 2023-02-18
Sutton -VS- Doncaster 2023-02-18
Tranmere -VS- Mansfield 2023-02-18
Walsall -VS- Newport County 2023-02-18
Aldershot -VS- Wrexham 2023-02-18
Altrincham -VS- Woking 2023-02-18
Bromley -VS- Dorking 2023-02-18
Eastleigh -VS- Maidenhead 2023-02-18
Oldham -VS- Maidstone 2023-02-18
Scunthorpe -VS- Dag and Red 2023-02-18
Solihull -VS- Chesterfield 2023-02-18
Southend -VS- Gateshead 2023-02-18
Torquay -VS- Barnet 2023-02-18
Wealdstone -VS- York 2023-02-18
Yeovil -VS- Notts County 2023-02-18
Boreham Wood -VS- Halifax 2023-02-18
Auxerre -VS- Lyon 2023-02-17
Nice -VS- Reims 2023-02-18
Strasbourg -VS- Angers 2023-02-18
Paris SG -VS- Lille 2023-02-19
Brest -VS- Monaco 2023-02-19
Lorient -VS- Ajaccio 2023-02-19
Rennes -VS- Clermont 2023-02-19
Troyes -VS- Montpellier 2023-02-19
Lens -VS- Nantes 2023-02-19
Toulouse -VS- Marseille 2023-02-19
Bordeaux -VS- Paris FC 2023-02-18
Annecy -VS- Amiens 2023-02-18
Bastia -VS- Guingamp 2023-02-18
Caen -VS- Grenoble 2023-02-18
Dijon -VS- Metz 2023-02-18
Le Havre -VS- Niort 2023-02-18
Pau FC -VS- Laval 2023-02-18
Quevilly Rouen -VS- Sochaux 2023-02-18
Valenciennes -VS- Rodez 2023-02-18
Nimes -VS- St Etienne 2023-02-20
Panathinaikos -VS- Volos NFC 2023-02-18
Asteras Tripolis -VS- Giannina 2023-02-18
Lamia -VS- Olympiakos 2023-02-19
Panetolikos -VS- Ionikos 2023-02-19
PAOK -VS- AEK 2023-02-19
Atromitos -VS- Levadeiakos 2023-02-20
OFI Crete -VS- Aris 2023-02-20
Sassuolo -VS- Napoli 2023-02-17
Sampdoria -VS- Bologna 2023-02-18
Monza -VS- Milan 2023-02-18
Inter -VS- Udinese 2023-02-18
Atalanta -VS- Lecce 2023-02-19
Fiorentina -VS- Empoli 2023-02-19
Salernitana -VS- Lazio 2023-02-19
Spezia -VS- Juventus 2023-02-19
Roma -VS- Verona 2023-02-19
Torino -VS- Cremonese 2023-02-20
Pisa -VS- Venezia 2023-02-17
Benevento -VS- Brescia 2023-02-18
Cittadella -VS- Reggina 2023-02-18
Cosenza -VS- Sudtirol 2023-02-18
Palermo -VS- Frosinone 2023-02-18
Parma -VS- Ascoli 2023-02-18
Spal -VS- Como 2023-02-18
Bari -VS- Cagliari 2023-02-18
Perugia -VS- Ternana 2023-02-18
Modena -VS- Genoa 2023-02-19
Waalwijk -VS- For Sittard 2023-02-17
Volendam -VS- Vitesse 2023-02-18
Groningen -VS- FC Emmen 2023-02-18
Feyenoord -VS- AZ Alkmaar 2023-02-18
Cambuur -VS- Heerenveen 2023-02-19
Go Ahead Eagles -VS- Twente 2023-02-19
Utrecht -VS- PSV Eindhoven 2023-02-19
Ajax -VS- Sparta Rotterdam 2023-02-19
Excelsior -VS- Nijmegen 2023-02-19
Gil Vicente -VS- Vizela 2023-02-17
Estoril -VS- Pacos Ferreira 2023-02-18
Porto -VS- Rio Ave 2023-02-18
Santa Clara -VS- Famalicao 2023-02-19
Sp Braga -VS- Arouca 2023-02-19
Casa Pia -VS- Guimaraes 2023-02-19
Chaves -VS- Sp Lisbon 2023-02-20
Benfica -VS- Boavista 2023-02-20
Celtic -VS- Aberdeen 2023-02-18
Dundee United -VS- St Johnstone 2023-02-18
Hibernian -VS- Kilmarnock 2023-02-18
Livingston -VS- Rangers 2023-02-18
St Mirren -VS- Ross County 2023-02-18
Motherwell -VS- Hearts 2023-02-19
Morton -VS- Dundee 2023-02-17
Queens Park -VS- Raith Rvs 2023-02-17
Ayr -VS- Partick 2023-02-18
Cove Rangers -VS- Arbroath 2023-02-18
Inverness C -VS- Hamilton 2023-02-18
Clyde -VS- Peterhead 2023-02-18
Dunfermline -VS- Airdrie Utd 2023-02-18
Falkirk -VS- Alloa 2023-02-18
Kelty Hearts -VS- Queen of Sth 2023-02-18
Montrose -VS- FC Edinburgh 2023-02-18
Annan Athletic -VS- Stirling 2023-02-18
East Fife -VS- Dumbarton 2023-02-18
Elgin -VS- Stranraer 2023-02-18
Stenhousemuir -VS- Albion Rvs 2023-02-18
Girona -VS- Almeria 2023-02-17
Sociedad -VS- Celta 2023-02-18
Betis -VS- Valladolid 2023-02-18
Mallorca -VS- Villarreal 2023-02-18
Osasuna -VS- Real Madrid 2023-02-18
Elche -VS- Espanol 2023-02-19
Vallecano -VS- Sevilla 2023-02-19
Ath Madrid -VS- Ath Bilbao 2023-02-19
Barcelona -VS- Cadiz 2023-02-19
Getafe -VS- Valencia 2023-02-20
Cartagena -VS- Oviedo 2023-02-17
Lugo -VS- Eibar 2023-02-18
Leganes -VS- Las Palmas 2023-02-18
Ponferradina -VS- Levante 2023-02-18
Tenerife -VS- Mirandes 2023-02-18
Huesca -VS- Granada 2023-02-19
Alaves -VS- Ibiza 2023-02-19
Andorra -VS- Sp Gijon 2023-02-19
Burgos -VS- Albacete 2023-02-19
Villarreal B -VS- Santander 2023-02-19
Malaga -VS- Zaragoza 2023-02-20
Gimnasia L.P. -VS- Instituto 2023-02-17
Arsenal Sarandi -VS- Racing Club 2023-02-18
Huracan -VS- Barracas Central 2023-02-18
Lanus -VS- Rosario Central 2023-02-18
Tigre -VS- River Plate 2023-02-18
Argentinos Jrs -VS- Belgrano 2023-02-18
Godoy Cruz -VS- Estudiantes L.P. 2023-02-18
Newells Old Boys -VS- Banfield 2023-02-19
Union de Santa Fe -VS- Colon Santa Fe 2023-02-19
Boca Juniors -VS- Platense 2023-02-19
Independiente -VS- Defensa y Justicia 2023-02-20
Talleres Cordoba -VS- Central Cordoba 2023-02-20
Sarmiento Junin -VS- San Lorenzo 2023-02-20
Atl. Tucuman -VS- Velez Sarsfield 2023-02-21
A. Klagenfurt -VS- Wolfsberger AC 2023-02-18
Hartberg -VS- Sturm Graz 2023-02-18
Ried -VS- LASK 2023-02-18
A. Lustenau -VS- Austria Vienna 2023-02-19
Tirol -VS- Salzburg 2023-02-19
Rapid Vienna -VS- Altach 2023-02-19
Aalborg -VS- Aarhus 2023-02-17
Lyngby -VS- Nordsjaelland 2023-02-19
Odense -VS- Randers FC 2023-02-19
Silkeborg -VS- FC Copenhagen 2023-02-19
Brondby -VS- Horsens 2023-02-19
Viborg -VS- Midtjylland 2023-02-20
Cork City -VS- Bohemians 2023-02-17
Dundalk -VS- UC Dublin 2023-02-17
Shelbourne -VS- Drogheda 2023-02-17
St. Patricks -VS- Derry City 2023-02-17
Sligo Rovers -VS- Shamrock Rovers 2023-02-18
Cerezo Osaka -VS- Albirex Niigata 2023-02-18
FC Tokyo -VS- Urawa Reds 2023-02-18
Kyoto -VS- Kashima Antlers 2023-02-18
Sanfrecce Hiroshima -VS- Hokkaido Consadole Sapporo 2023-02-18
Vissel Kobe -VS- Avispa Fukuoka 2023-02-18
Yokohama FC -VS- Nagoya Grampus 2023-02-18
Kashiwa Reysol -VS- Gamba Osaka 2023-02-18
Sagan Tosu -VS- Shonan Bellmare 2023-02-18
Juarez -VS- Club Leon 2023-02-18
Puebla -VS- Cruz Azul 2023-02-18
Atl. San Luis -VS- Santos Laguna 2023-02-18
Monterrey -VS- Necaxa 2023-02-18
Atlas -VS- U.A.N.L.- Tigres 2023-02-19
U.N.A.M.- Pumas -VS- Guadalajara Chivas 2023-02-19
Queretaro -VS- Mazatlan FC 2023-02-19
Club America -VS- Club Tijuana 2023-02-20
Pachuca -VS- Toluca 2023-02-20
Cracovia -VS- Stal Mielec 2023-02-17
Widzew Lodz -VS- Slask Wroclaw 2023-02-17
Korona Kielce -VS- Lechia Gdansk 2023-02-18
Rakow -VS- Gornik Z. 2023-02-18
Pogon Szczecin -VS- Warta Poznan 2023-02-18
Legnica -VS- Wisla Plock 2023-02-19
Lech Poznan -VS- Zaglebie 2023-02-19
Piast Gliwice -VS- Legia 2023-02-19
Radomiak Radom -VS- Jagiellonia 2023-02-20
Chindia Targoviste -VS- U. Cluj 2023-02-17
Mioveni -VS- FC Rapid Bucuresti 2023-02-17
FC Hermannstadt -VS- UTA Arad 2023-02-18
Farul Constanta -VS- Petrolul 2023-02-18
CFR Cluj -VS- FC Arges 2023-02-19
FCSB -VS- Univ. Craiova 2023-02-19
FC Botosani -VS- Sepsi Sf. Gheorghe 2023-02-20
U Craiova 1948 -VS- FC Voluntari 2023-02-20
Winterthur -VS- Sion 2023-02-18
Young Boys -VS- Lugano 2023-02-18
St. Gallen -VS- Luzern 2023-02-19
Basel -VS- Servette 2023-02-19
Grasshoppers -VS- Zurich 2023-02-19
------------------------- 2023-02-21 16:00:02.900298
Errror 452 -------------------------------- HTTPSConnectionPool(host='www.football-data.co.uk', port=443): Max retries exceeded with url: /mmz4281/2223/Latest_Results.csv (Caused by NewConnectionError('<urllib3.connection.HTTPSConnection object at 0x7fb44a7b0190>: Failed to establish a new connection: [Errno -3] Temporary failure in name resolution'))
Gimnasia L.P. -VS- Instituto 2023-02-17
Arsenal Sarandi -VS- Racing Club 2023-02-18
Huracan -VS- Barracas Central 2023-02-18
Lanus -VS- Rosario Central 2023-02-18
Tigre -VS- River Plate 2023-02-18
Argentinos Jrs -VS- Belgrano 2023-02-18
Godoy Cruz -VS- Estudiantes L.P. 2023-02-18
Newells Old Boys -VS- Banfield 2023-02-19
Union de Santa Fe -VS- Colon Santa Fe 2023-02-19
Boca Juniors -VS- Platense 2023-02-19
Independiente -VS- Defensa y Justicia 2023-02-20
Talleres Cordoba -VS- Central Cordoba 2023-02-20
Sarmiento Junin -VS- San Lorenzo 2023-02-20
Atl. Tucuman -VS- Velez Sarsfield 2023-02-21
A. Klagenfurt -VS- Wolfsberger AC 2023-02-18
Hartberg -VS- Sturm Graz 2023-02-18
Ried -VS- LASK 2023-02-18
A. Lustenau -VS- Austria Vienna 2023-02-19
Tirol -VS- Salzburg 2023-02-19
Rapid Vienna -VS- Altach 2023-02-19
Aalborg -VS- Aarhus 2023-02-17
Lyngby -VS- Nordsjaelland 2023-02-19
Odense -VS- Randers FC 2023-02-19
Silkeborg -VS- FC Copenhagen 2023-02-19
Brondby -VS- Horsens 2023-02-19
Viborg -VS- Midtjylland 2023-02-20
Cork City -VS- Bohemians 2023-02-17
Dundalk -VS- UC Dublin 2023-02-17
Shelbourne -VS- Drogheda 2023-02-17
St. Patricks -VS- Derry City 2023-02-17
Sligo Rovers -VS- Shamrock Rovers 2023-02-18
Cerezo Osaka -VS- Albirex Niigata 2023-02-18
FC Tokyo -VS- Urawa Reds 2023-02-18
Kyoto -VS- Kashima Antlers 2023-02-18
Sanfrecce Hiroshima -VS- Hokkaido Consadole Sapporo 2023-02-18
Vissel Kobe -VS- Avispa Fukuoka 2023-02-18
Yokohama FC -VS- Nagoya Grampus 2023-02-18
Kashiwa Reysol -VS- Gamba Osaka 2023-02-18
Sagan Tosu -VS- Shonan Bellmare 2023-02-18
Juarez -VS- Club Leon 2023-02-18
Puebla -VS- Cruz Azul 2023-02-18
Atl. San Luis -VS- Santos Laguna 2023-02-18
Monterrey -VS- Necaxa 2023-02-18
Atlas -VS- U.A.N.L.- Tigres 2023-02-19
U.N.A.M.- Pumas -VS- Guadalajara Chivas 2023-02-19
Queretaro -VS- Mazatlan FC 2023-02-19
Club America -VS- Club Tijuana 2023-02-20
Pachuca -VS- Toluca 2023-02-20
Cracovia -VS- Stal Mielec 2023-02-17
Widzew Lodz -VS- Slask Wroclaw 2023-02-17
Korona Kielce -VS- Lechia Gdansk 2023-02-18
Rakow -VS- Gornik Z. 2023-02-18
Pogon Szczecin -VS- Warta Poznan 2023-02-18
Legnica -VS- Wisla Plock 2023-02-19
Lech Poznan -VS- Zaglebie 2023-02-19
Piast Gliwice -VS- Legia 2023-02-19
Radomiak Radom -VS- Jagiellonia 2023-02-20
Chindia Targoviste -VS- U. Cluj 2023-02-17
Mioveni -VS- FC Rapid Bucuresti 2023-02-17
FC Hermannstadt -VS- UTA Arad 2023-02-18
Farul Constanta -VS- Petrolul 2023-02-18
CFR Cluj -VS- FC Arges 2023-02-19
FCSB -VS- Univ. Craiova 2023-02-19
FC Botosani -VS- Sepsi Sf. Gheorghe 2023-02-20
U Craiova 1948 -VS- FC Voluntari 2023-02-20
Winterthur -VS- Sion 2023-02-18
Young Boys -VS- Lugano 2023-02-18
St. Gallen -VS- Luzern 2023-02-19
Basel -VS- Servette 2023-02-19
Grasshoppers -VS- Zurich 2023-02-19
------------------------- 2023-02-21 17:00:02.460486
Errror 452 -------------------------------- HTTPSConnectionPool(host='www.football-data.co.uk', port=443): Max retries exceeded with url: /mmz4281/2223/Latest_Results.csv (Caused by NewConnectionError('<urllib3.connection.HTTPSConnection object at 0x7ff0eb457490>: Failed to establish a new connection: [Errno -3] Temporary failure in name resolution'))
Gimnasia L.P. -VS- Instituto 2023-02-17
Arsenal Sarandi -VS- Racing Club 2023-02-18
Huracan -VS- Barracas Central 2023-02-18
Lanus -VS- Rosario Central 2023-02-18
Tigre -VS- River Plate 2023-02-18
Argentinos Jrs -VS- Belgrano 2023-02-18
Godoy Cruz -VS- Estudiantes L.P. 2023-02-18
Newells Old Boys -VS- Banfield 2023-02-19
Union de Santa Fe -VS- Colon Santa Fe 2023-02-19
Boca Juniors -VS- Platense 2023-02-19
Independiente -VS- Defensa y Justicia 2023-02-20
Talleres Cordoba -VS- Central Cordoba 2023-02-20
Sarmiento Junin -VS- San Lorenzo 2023-02-20
Atl. Tucuman -VS- Velez Sarsfield 2023-02-21
A. Klagenfurt -VS- Wolfsberger AC 2023-02-18
Hartberg -VS- Sturm Graz 2023-02-18
Ried -VS- LASK 2023-02-18
A. Lustenau -VS- Austria Vienna 2023-02-19
Tirol -VS- Salzburg 2023-02-19
Rapid Vienna -VS- Altach 2023-02-19
Aalborg -VS- Aarhus 2023-02-17
Lyngby -VS- Nordsjaelland 2023-02-19
Odense -VS- Randers FC 2023-02-19
Silkeborg -VS- FC Copenhagen 2023-02-19
Brondby -VS- Horsens 2023-02-19
Viborg -VS- Midtjylland 2023-02-20
Cork City -VS- Bohemians 2023-02-17
Dundalk -VS- UC Dublin 2023-02-17
Shelbourne -VS- Drogheda 2023-02-17
St. Patricks -VS- Derry City 2023-02-17
Sligo Rovers -VS- Shamrock Rovers 2023-02-18
Cerezo Osaka -VS- Albirex Niigata 2023-02-18
FC Tokyo -VS- Urawa Reds 2023-02-18
Kyoto -VS- Kashima Antlers 2023-02-18
Sanfrecce Hiroshima -VS- Hokkaido Consadole Sapporo 2023-02-18
Vissel Kobe -VS- Avispa Fukuoka 2023-02-18
Yokohama FC -VS- Nagoya Grampus 2023-02-18
Kashiwa Reysol -VS- Gamba Osaka 2023-02-18
Sagan Tosu -VS- Shonan Bellmare 2023-02-18
Juarez -VS- Club Leon 2023-02-18
Puebla -VS- Cruz Azul 2023-02-18
Atl. San Luis -VS- Santos Laguna 2023-02-18
Monterrey -VS- Necaxa 2023-02-18
Atlas -VS- U.A.N.L.- Tigres 2023-02-19
U.N.A.M.- Pumas -VS- Guadalajara Chivas 2023-02-19
Queretaro -VS- Mazatlan FC 2023-02-19
Club America -VS- Club Tijuana 2023-02-20
Pachuca -VS- Toluca 2023-02-20
Cracovia -VS- Stal Mielec 2023-02-17
Widzew Lodz -VS- Slask Wroclaw 2023-02-17
Korona Kielce -VS- Lechia Gdansk 2023-02-18
Rakow -VS- Gornik Z. 2023-02-18
Pogon Szczecin -VS- Warta Poznan 2023-02-18
Legnica -VS- Wisla Plock 2023-02-19
Lech Poznan -VS- Zaglebie 2023-02-19
Piast Gliwice -VS- Legia 2023-02-19
Radomiak Radom -VS- Jagiellonia 2023-02-20
Chindia Targoviste -VS- U. Cluj 2023-02-17
Mioveni -VS- FC Rapid Bucuresti 2023-02-17
FC Hermannstadt -VS- UTA Arad 2023-02-18
Farul Constanta -VS- Petrolul 2023-02-18
CFR Cluj -VS- FC Arges 2023-02-19
FCSB -VS- Univ. Craiova 2023-02-19
FC Botosani -VS- Sepsi Sf. Gheorghe 2023-02-20
U Craiova 1948 -VS- FC Voluntari 2023-02-20
Winterthur -VS- Sion 2023-02-18
Young Boys -VS- Lugano 2023-02-18
St. Gallen -VS- Luzern 2023-02-19
Basel -VS- Servette 2023-02-19
Grasshoppers -VS- Zurich 2023-02-19
------------------------- 2023-02-21 18:00:02.942972
Errror 452 -------------------------------- HTTPSConnectionPool(host='www.football-data.co.uk', port=443): Max retries exceeded with url: /mmz4281/2223/Latest_Results.csv (Caused by NewConnectionError('<urllib3.connection.HTTPSConnection object at 0x7f13f565c130>: Failed to establish a new connection: [Errno -3] Temporary failure in name resolution'))
Gimnasia L.P. -VS- Instituto 2023-02-17
Arsenal Sarandi -VS- Racing Club 2023-02-18
Huracan -VS- Barracas Central 2023-02-18
Lanus -VS- Rosario Central 2023-02-18
Tigre -VS- River Plate 2023-02-18
Argentinos Jrs -VS- Belgrano 2023-02-18
Godoy Cruz -VS- Estudiantes L.P. 2023-02-18
Newells Old Boys -VS- Banfield 2023-02-19
Union de Santa Fe -VS- Colon Santa Fe 2023-02-19
Boca Juniors -VS- Platense 2023-02-19
Independiente -VS- Defensa y Justicia 2023-02-20
Talleres Cordoba -VS- Central Cordoba 2023-02-20
Sarmiento Junin -VS- San Lorenzo 2023-02-20
Atl. Tucuman -VS- Velez Sarsfield 2023-02-21
A. Klagenfurt -VS- Wolfsberger AC 2023-02-18
Hartberg -VS- Sturm Graz 2023-02-18
Ried -VS- LASK 2023-02-18
A. Lustenau -VS- Austria Vienna 2023-02-19
Tirol -VS- Salzburg 2023-02-19
Rapid Vienna -VS- Altach 2023-02-19
Aalborg -VS- Aarhus 2023-02-17
Lyngby -VS- Nordsjaelland 2023-02-19
Odense -VS- Randers FC 2023-02-19
Silkeborg -VS- FC Copenhagen 2023-02-19
Brondby -VS- Horsens 2023-02-19
Viborg -VS- Midtjylland 2023-02-20
Cork City -VS- Bohemians 2023-02-17
Dundalk -VS- UC Dublin 2023-02-17
Shelbourne -VS- Drogheda 2023-02-17
St. Patricks -VS- Derry City 2023-02-17
Sligo Rovers -VS- Shamrock Rovers 2023-02-18
Cerezo Osaka -VS- Albirex Niigata 2023-02-18
FC Tokyo -VS- Urawa Reds 2023-02-18
Kyoto -VS- Kashima Antlers 2023-02-18
Sanfrecce Hiroshima -VS- Hokkaido Consadole Sapporo 2023-02-18
Vissel Kobe -VS- Avispa Fukuoka 2023-02-18
Yokohama FC -VS- Nagoya Grampus 2023-02-18
Kashiwa Reysol -VS- Gamba Osaka 2023-02-18
Sagan Tosu -VS- Shonan Bellmare 2023-02-18
Juarez -VS- Club Leon 2023-02-18
Puebla -VS- Cruz Azul 2023-02-18
Atl. San Luis -VS- Santos Laguna 2023-02-18
Monterrey -VS- Necaxa 2023-02-18
Atlas -VS- U.A.N.L.- Tigres 2023-02-19
U.N.A.M.- Pumas -VS- Guadalajara Chivas 2023-02-19
Queretaro -VS- Mazatlan FC 2023-02-19
Club America -VS- Club Tijuana 2023-02-20
Pachuca -VS- Toluca 2023-02-20
Cracovia -VS- Stal Mielec 2023-02-17
Widzew Lodz -VS- Slask Wroclaw 2023-02-17
Korona Kielce -VS- Lechia Gdansk 2023-02-18
Rakow -VS- Gornik Z. 2023-02-18
Pogon Szczecin -VS- Warta Poznan 2023-02-18
Legnica -VS- Wisla Plock 2023-02-19
Lech Poznan -VS- Zaglebie 2023-02-19
Piast Gliwice -VS- Legia 2023-02-19
Radomiak Radom -VS- Jagiellonia 2023-02-20
Chindia Targoviste -VS- U. Cluj 2023-02-17
Mioveni -VS- FC Rapid Bucuresti 2023-02-17
FC Hermannstadt -VS- UTA Arad 2023-02-18
Farul Constanta -VS- Petrolul 2023-02-18
CFR Cluj -VS- FC Arges 2023-02-19
FCSB -VS- Univ. Craiova 2023-02-19
FC Botosani -VS- Sepsi Sf. Gheorghe 2023-02-20
U Craiova 1948 -VS- FC Voluntari 2023-02-20
Winterthur -VS- Sion 2023-02-18
Young Boys -VS- Lugano 2023-02-18
St. Gallen -VS- Luzern 2023-02-19
Basel -VS- Servette 2023-02-19
Grasshoppers -VS- Zurich 2023-02-19
------------------------- 2023-02-21 19:00:02.522541
Errror 452 -------------------------------- HTTPSConnectionPool(host='www.football-data.co.uk', port=443): Max retries exceeded with url: /mmz4281/2223/Latest_Results.csv (Caused by NewConnectionError('<urllib3.connection.HTTPSConnection object at 0x7fadeec53fa0>: Failed to establish a new connection: [Errno -3] Temporary failure in name resolution'))
Gimnasia L.P. -VS- Instituto 2023-02-17
Arsenal Sarandi -VS- Racing Club 2023-02-18
Huracan -VS- Barracas Central 2023-02-18
Lanus -VS- Rosario Central 2023-02-18
Tigre -VS- River Plate 2023-02-18
Argentinos Jrs -VS- Belgrano 2023-02-18
Godoy Cruz -VS- Estudiantes L.P. 2023-02-18
Newells Old Boys -VS- Banfield 2023-02-19
Union de Santa Fe -VS- Colon Santa Fe 2023-02-19
Boca Juniors -VS- Platense 2023-02-19
Independiente -VS- Defensa y Justicia 2023-02-20
Talleres Cordoba -VS- Central Cordoba 2023-02-20
Sarmiento Junin -VS- San Lorenzo 2023-02-20
Atl. Tucuman -VS- Velez Sarsfield 2023-02-21
A. Klagenfurt -VS- Wolfsberger AC 2023-02-18
Hartberg -VS- Sturm Graz 2023-02-18
Ried -VS- LASK 2023-02-18
A. Lustenau -VS- Austria Vienna 2023-02-19
Tirol -VS- Salzburg 2023-02-19
Rapid Vienna -VS- Altach 2023-02-19
Aalborg -VS- Aarhus 2023-02-17
Lyngby -VS- Nordsjaelland 2023-02-19
Odense -VS- Randers FC 2023-02-19
Silkeborg -VS- FC Copenhagen 2023-02-19
Brondby -VS- Horsens 2023-02-19
Viborg -VS- Midtjylland 2023-02-20
Cork City -VS- Bohemians 2023-02-17
Dundalk -VS- UC Dublin 2023-02-17
Shelbourne -VS- Drogheda 2023-02-17
St. Patricks -VS- Derry City 2023-02-17
Sligo Rovers -VS- Shamrock Rovers 2023-02-18
Cerezo Osaka -VS- Albirex Niigata 2023-02-18
FC Tokyo -VS- Urawa Reds 2023-02-18
Kyoto -VS- Kashima Antlers 2023-02-18
Sanfrecce Hiroshima -VS- Hokkaido Consadole Sapporo 2023-02-18
Vissel Kobe -VS- Avispa Fukuoka 2023-02-18
Yokohama FC -VS- Nagoya Grampus 2023-02-18
Kashiwa Reysol -VS- Gamba Osaka 2023-02-18
Sagan Tosu -VS- Shonan Bellmare 2023-02-18
Juarez -VS- Club Leon 2023-02-18
Puebla -VS- Cruz Azul 2023-02-18
Atl. San Luis -VS- Santos Laguna 2023-02-18
Monterrey -VS- Necaxa 2023-02-18
Atlas -VS- U.A.N.L.- Tigres 2023-02-19
U.N.A.M.- Pumas -VS- Guadalajara Chivas 2023-02-19
Queretaro -VS- Mazatlan FC 2023-02-19
Club America -VS- Club Tijuana 2023-02-20
Pachuca -VS- Toluca 2023-02-20
Cracovia -VS- Stal Mielec 2023-02-17
Widzew Lodz -VS- Slask Wroclaw 2023-02-17
Korona Kielce -VS- Lechia Gdansk 2023-02-18
Rakow -VS- Gornik Z. 2023-02-18
Pogon Szczecin -VS- Warta Poznan 2023-02-18
Legnica -VS- Wisla Plock 2023-02-19
Lech Poznan -VS- Zaglebie 2023-02-19
Piast Gliwice -VS- Legia 2023-02-19
Radomiak Radom -VS- Jagiellonia 2023-02-20
Chindia Targoviste -VS- U. Cluj 2023-02-17
Mioveni -VS- FC Rapid Bucuresti 2023-02-17
FC Hermannstadt -VS- UTA Arad 2023-02-18
Farul Constanta -VS- Petrolul 2023-02-18
CFR Cluj -VS- FC Arges 2023-02-19
FCSB -VS- Univ. Craiova 2023-02-19
FC Botosani -VS- Sepsi Sf. Gheorghe 2023-02-20
U Craiova 1948 -VS- FC Voluntari 2023-02-20
Winterthur -VS- Sion 2023-02-18
Young Boys -VS- Lugano 2023-02-18
St. Gallen -VS- Luzern 2023-02-19
Basel -VS- Servette 2023-02-19
Grasshoppers -VS- Zurich 2023-02-19
------------------------- 2023-02-21 20:00:04.773924
Errror 452 -------------------------------- HTTPSConnectionPool(host='www.football-data.co.uk', port=443): Max retries exceeded with url: /mmz4281/2223/Latest_Results.csv (Caused by NewConnectionError('<urllib3.connection.HTTPSConnection object at 0x7ff39465ad40>: Failed to establish a new connection: [Errno -3] Temporary failure in name resolution'))
Gimnasia L.P. -VS- Instituto 2023-02-17
Arsenal Sarandi -VS- Racing Club 2023-02-18
Huracan -VS- Barracas Central 2023-02-18
Lanus -VS- Rosario Central 2023-02-18
Tigre -VS- River Plate 2023-02-18
Argentinos Jrs -VS- Belgrano 2023-02-18
Godoy Cruz -VS- Estudiantes L.P. 2023-02-18
Newells Old Boys -VS- Banfield 2023-02-19
Union de Santa Fe -VS- Colon Santa Fe 2023-02-19
Boca Juniors -VS- Platense 2023-02-19
Independiente -VS- Defensa y Justicia 2023-02-20
Talleres Cordoba -VS- Central Cordoba 2023-02-20
Sarmiento Junin -VS- San Lorenzo 2023-02-20
Atl. Tucuman -VS- Velez Sarsfield 2023-02-21
A. Klagenfurt -VS- Wolfsberger AC 2023-02-18
Hartberg -VS- Sturm Graz 2023-02-18
Ried -VS- LASK 2023-02-18
A. Lustenau -VS- Austria Vienna 2023-02-19
Tirol -VS- Salzburg 2023-02-19
Rapid Vienna -VS- Altach 2023-02-19
Aalborg -VS- Aarhus 2023-02-17
Lyngby -VS- Nordsjaelland 2023-02-19
Odense -VS- Randers FC 2023-02-19
Silkeborg -VS- FC Copenhagen 2023-02-19
Brondby -VS- Horsens 2023-02-19
Viborg -VS- Midtjylland 2023-02-20
Cork City -VS- Bohemians 2023-02-17
Dundalk -VS- UC Dublin 2023-02-17
Shelbourne -VS- Drogheda 2023-02-17
St. Patricks -VS- Derry City 2023-02-17
Sligo Rovers -VS- Shamrock Rovers 2023-02-18
Cerezo Osaka -VS- Albirex Niigata 2023-02-18
FC Tokyo -VS- Urawa Reds 2023-02-18
Kyoto -VS- Kashima Antlers 2023-02-18
Sanfrecce Hiroshima -VS- Hokkaido Consadole Sapporo 2023-02-18
Vissel Kobe -VS- Avispa Fukuoka 2023-02-18
Yokohama FC -VS- Nagoya Grampus 2023-02-18
Kashiwa Reysol -VS- Gamba Osaka 2023-02-18
Sagan Tosu -VS- Shonan Bellmare 2023-02-18
Juarez -VS- Club Leon 2023-02-18
Puebla -VS- Cruz Azul 2023-02-18
Atl. San Luis -VS- Santos Laguna 2023-02-18
Monterrey -VS- Necaxa 2023-02-18
Atlas -VS- U.A.N.L.- Tigres 2023-02-19
U.N.A.M.- Pumas -VS- Guadalajara Chivas 2023-02-19
Queretaro -VS- Mazatlan FC 2023-02-19
Club America -VS- Club Tijuana 2023-02-20
Pachuca -VS- Toluca 2023-02-20
Cracovia -VS- Stal Mielec 2023-02-17
Widzew Lodz -VS- Slask Wroclaw 2023-02-17
Korona Kielce -VS- Lechia Gdansk 2023-02-18
Rakow -VS- Gornik Z. 2023-02-18
Pogon Szczecin -VS- Warta Poznan 2023-02-18
Legnica -VS- Wisla Plock 2023-02-19
Lech Poznan -VS- Zaglebie 2023-02-19
Piast Gliwice -VS- Legia 2023-02-19
Radomiak Radom -VS- Jagiellonia 2023-02-20
Chindia Targoviste -VS- U. Cluj 2023-02-17
Mioveni -VS- FC Rapid Bucuresti 2023-02-17
FC Hermannstadt -VS- UTA Arad 2023-02-18
Farul Constanta -VS- Petrolul 2023-02-18
CFR Cluj -VS- FC Arges 2023-02-19
FCSB -VS- Univ. Craiova 2023-02-19
FC Botosani -VS- Sepsi Sf. Gheorghe 2023-02-20
U Craiova 1948 -VS- FC Voluntari 2023-02-20
Winterthur -VS- Sion 2023-02-18
Young Boys -VS- Lugano 2023-02-18
St. Gallen -VS- Luzern 2023-02-19
Basel -VS- Servette 2023-02-19
Grasshoppers -VS- Zurich 2023-02-19
------------------------- 2023-02-22 00:00:03.093564
Errror 452 -------------------------------- HTTPSConnectionPool(host='www.football-data.co.uk', port=443): Max retries exceeded with url: /mmz4281/2223/Latest_Results.csv (Caused by NewConnectionError('<urllib3.connection.HTTPSConnection object at 0x7f26d0147fa0>: Failed to establish a new connection: [Errno -3] Temporary failure in name resolution'))
Gimnasia L.P. -VS- Instituto 2023-02-17
Arsenal Sarandi -VS- Racing Club 2023-02-18
Huracan -VS- Barracas Central 2023-02-18
Lanus -VS- Rosario Central 2023-02-18
Tigre -VS- River Plate 2023-02-18
Argentinos Jrs -VS- Belgrano 2023-02-18
Godoy Cruz -VS- Estudiantes L.P. 2023-02-18
Newells Old Boys -VS- Banfield 2023-02-19
Union de Santa Fe -VS- Colon Santa Fe 2023-02-19
Boca Juniors -VS- Platense 2023-02-19
Independiente -VS- Defensa y Justicia 2023-02-20
Talleres Cordoba -VS- Central Cordoba 2023-02-20
Sarmiento Junin -VS- San Lorenzo 2023-02-20
Atl. Tucuman -VS- Velez Sarsfield 2023-02-21
A. Klagenfurt -VS- Wolfsberger AC 2023-02-18
Hartberg -VS- Sturm Graz 2023-02-18
Ried -VS- LASK 2023-02-18
A. Lustenau -VS- Austria Vienna 2023-02-19
Tirol -VS- Salzburg 2023-02-19
Rapid Vienna -VS- Altach 2023-02-19
Aalborg -VS- Aarhus 2023-02-17
Lyngby -VS- Nordsjaelland 2023-02-19
Odense -VS- Randers FC 2023-02-19
Silkeborg -VS- FC Copenhagen 2023-02-19
Brondby -VS- Horsens 2023-02-19
Viborg -VS- Midtjylland 2023-02-20
Cork City -VS- Bohemians 2023-02-17
Dundalk -VS- UC Dublin 2023-02-17
Shelbourne -VS- Drogheda 2023-02-17
St. Patricks -VS- Derry City 2023-02-17
Sligo Rovers -VS- Shamrock Rovers 2023-02-18
Cerezo Osaka -VS- Albirex Niigata 2023-02-18
FC Tokyo -VS- Urawa Reds 2023-02-18
Kyoto -VS- Kashima Antlers 2023-02-18
Sanfrecce Hiroshima -VS- Hokkaido Consadole Sapporo 2023-02-18
Vissel Kobe -VS- Avispa Fukuoka 2023-02-18
Yokohama FC -VS- Nagoya Grampus 2023-02-18
Kashiwa Reysol -VS- Gamba Osaka 2023-02-18
Sagan Tosu -VS- Shonan Bellmare 2023-02-18
Juarez -VS- Club Leon 2023-02-18
Puebla -VS- Cruz Azul 2023-02-18
Atl. San Luis -VS- Santos Laguna 2023-02-18
Monterrey -VS- Necaxa 2023-02-18
Atlas -VS- U.A.N.L.- Tigres 2023-02-19
U.N.A.M.- Pumas -VS- Guadalajara Chivas 2023-02-19
Queretaro -VS- Mazatlan FC 2023-02-19
Club America -VS- Club Tijuana 2023-02-20
Pachuca -VS- Toluca 2023-02-20
Cracovia -VS- Stal Mielec 2023-02-17
Widzew Lodz -VS- Slask Wroclaw 2023-02-17
Korona Kielce -VS- Lechia Gdansk 2023-02-18
Rakow -VS- Gornik Z. 2023-02-18
Pogon Szczecin -VS- Warta Poznan 2023-02-18
Legnica -VS- Wisla Plock 2023-02-19
Lech Poznan -VS- Zaglebie 2023-02-19
Piast Gliwice -VS- Legia 2023-02-19
Radomiak Radom -VS- Jagiellonia 2023-02-20
Chindia Targoviste -VS- U. Cluj 2023-02-17
Mioveni -VS- FC Rapid Bucuresti 2023-02-17
FC Hermannstadt -VS- UTA Arad 2023-02-18
Farul Constanta -VS- Petrolul 2023-02-18
CFR Cluj -VS- FC Arges 2023-02-19
FCSB -VS- Univ. Craiova 2023-02-19
FC Botosani -VS- Sepsi Sf. Gheorghe 2023-02-20
U Craiova 1948 -VS- FC Voluntari 2023-02-20
Winterthur -VS- Sion 2023-02-18
Young Boys -VS- Lugano 2023-02-18
St. Gallen -VS- Luzern 2023-02-19
Basel -VS- Servette 2023-02-19
Grasshoppers -VS- Zurich 2023-02-19
------------------------- 2023-02-22 09:00:02.750499
Blackburn -VS- Blackpool 2023-02-21
Millwall -VS- Burnley 2023-02-21
Norwich -VS- Birmingham 2023-02-21
Rotherham -VS- Sunderland 2023-02-21
Swansea -VS- Stoke 2023-02-21
Fleetwood Town -VS- Cambridge 2023-02-21
Morecambe -VS- Port Vale 2023-02-21
Grimsby -VS- Harrogate 2023-02-21
Hartlepool -VS- Newport County 2023-02-21
Rochdale -VS- Stockport 2023-02-21
Walsall -VS- Crewe 2023-02-21
Barnet -VS- Altrincham 2023-02-21
Chesterfield -VS- Wealdstone 2023-02-21
Dag and Red -VS- Aldershot 2023-02-21
Dorking -VS- Torquay 2023-02-21
Gateshead -VS- Oldham 2023-02-21
Halifax -VS- Solihull 2023-02-21
Maidenhead -VS- Yeovil 2023-02-21
Maidstone -VS- Eastleigh 2023-02-21
Notts County -VS- Southend 2023-02-21
Woking -VS- Bromley 2023-02-21
Wrexham -VS- Scunthorpe 2023-02-21
York -VS- Boreham Wood 2023-02-21
Hamilton -VS- Inverness C 2023-02-21
Albion Rvs -VS- Elgin 2023-02-21
Gimnasia L.P. -VS- Instituto 2023-02-17
Arsenal Sarandi -VS- Racing Club 2023-02-18
Huracan -VS- Barracas Central 2023-02-18
Lanus -VS- Rosario Central 2023-02-18
Tigre -VS- River Plate 2023-02-18
Argentinos Jrs -VS- Belgrano 2023-02-18
Godoy Cruz -VS- Estudiantes L.P. 2023-02-18
Newells Old Boys -VS- Banfield 2023-02-19
Union de Santa Fe -VS- Colon Santa Fe 2023-02-19
Boca Juniors -VS- Platense 2023-02-19
Independiente -VS- Defensa y Justicia 2023-02-20
Talleres Cordoba -VS- Central Cordoba 2023-02-20
Sarmiento Junin -VS- San Lorenzo 2023-02-20
Atl. Tucuman -VS- Velez Sarsfield 2023-02-21
A. Klagenfurt -VS- Wolfsberger AC 2023-02-18
Hartberg -VS- Sturm Graz 2023-02-18
Ried -VS- LASK 2023-02-18
A. Lustenau -VS- Austria Vienna 2023-02-19
Tirol -VS- Salzburg 2023-02-19
Rapid Vienna -VS- Altach 2023-02-19
Aalborg -VS- Aarhus 2023-02-17
Lyngby -VS- Nordsjaelland 2023-02-19
Odense -VS- Randers FC 2023-02-19
Silkeborg -VS- FC Copenhagen 2023-02-19
Brondby -VS- Horsens 2023-02-19
Viborg -VS- Midtjylland 2023-02-20
Cork City -VS- Bohemians 2023-02-17
Dundalk -VS- UC Dublin 2023-02-17
Shelbourne -VS- Drogheda 2023-02-17
St. Patricks -VS- Derry City 2023-02-17
Sligo Rovers -VS- Shamrock Rovers 2023-02-18
Cerezo Osaka -VS- Albirex Niigata 2023-02-18
FC Tokyo -VS- Urawa Reds 2023-02-18
Kyoto -VS- Kashima Antlers 2023-02-18
Sanfrecce Hiroshima -VS- Hokkaido Consadole Sapporo 2023-02-18
Vissel Kobe -VS- Avispa Fukuoka 2023-02-18
Yokohama FC -VS- Nagoya Grampus 2023-02-18
Kashiwa Reysol -VS- Gamba Osaka 2023-02-18
Sagan Tosu -VS- Shonan Bellmare 2023-02-18
Juarez -VS- Club Leon 2023-02-18
Puebla -VS- Cruz Azul 2023-02-18
Atl. San Luis -VS- Santos Laguna 2023-02-18
Monterrey -VS- Necaxa 2023-02-18
Atlas -VS- U.A.N.L.- Tigres 2023-02-19
U.N.A.M.- Pumas -VS- Guadalajara Chivas 2023-02-19
Queretaro -VS- Mazatlan FC 2023-02-19
Club America -VS- Club Tijuana 2023-02-20
Pachuca -VS- Toluca 2023-02-20
Cracovia -VS- Stal Mielec 2023-02-17
Widzew Lodz -VS- Slask Wroclaw 2023-02-17
Korona Kielce -VS- Lechia Gdansk 2023-02-18
Rakow -VS- Gornik Z. 2023-02-18
Pogon Szczecin -VS- Warta Poznan 2023-02-18
Legnica -VS- Wisla Plock 2023-02-19
Lech Poznan -VS- Zaglebie 2023-02-19
Piast Gliwice -VS- Legia 2023-02-19
Radomiak Radom -VS- Jagiellonia 2023-02-20
Chindia Targoviste -VS- U. Cluj 2023-02-17
Mioveni -VS- FC Rapid Bucuresti 2023-02-17
FC Hermannstadt -VS- UTA Arad 2023-02-18
Farul Constanta -VS- Petrolul 2023-02-18
CFR Cluj -VS- FC Arges 2023-02-19
FCSB -VS- Univ. Craiova 2023-02-19
FC Botosani -VS- Sepsi Sf. Gheorghe 2023-02-20
U Craiova 1948 -VS- FC Voluntari 2023-02-20
Winterthur -VS- Sion 2023-02-18
Young Boys -VS- Lugano 2023-02-18
St. Gallen -VS- Luzern 2023-02-19
Basel -VS- Servette 2023-02-19
Grasshoppers -VS- Zurich 2023-02-19
------------------------- 2023-02-22 10:00:02.133948
Blackburn -VS- Blackpool 2023-02-21
Millwall -VS- Burnley 2023-02-21
Norwich -VS- Birmingham 2023-02-21
Rotherham -VS- Sunderland 2023-02-21
Swansea -VS- Stoke 2023-02-21
Fleetwood Town -VS- Cambridge 2023-02-21
Morecambe -VS- Port Vale 2023-02-21
Grimsby -VS- Harrogate 2023-02-21
Hartlepool -VS- Newport County 2023-02-21
Rochdale -VS- Stockport 2023-02-21
Walsall -VS- Crewe 2023-02-21
Barnet -VS- Altrincham 2023-02-21
Chesterfield -VS- Wealdstone 2023-02-21
Dag and Red -VS- Aldershot 2023-02-21
Dorking -VS- Torquay 2023-02-21
Gateshead -VS- Oldham 2023-02-21
Halifax -VS- Solihull 2023-02-21
Maidenhead -VS- Yeovil 2023-02-21
Maidstone -VS- Eastleigh 2023-02-21
Notts County -VS- Southend 2023-02-21
Woking -VS- Bromley 2023-02-21
Wrexham -VS- Scunthorpe 2023-02-21
York -VS- Boreham Wood 2023-02-21
Hamilton -VS- Inverness C 2023-02-21
Albion Rvs -VS- Elgin 2023-02-21
Gimnasia L.P. -VS- Instituto 2023-02-17
Arsenal Sarandi -VS- Racing Club 2023-02-18
Huracan -VS- Barracas Central 2023-02-18
Lanus -VS- Rosario Central 2023-02-18
Tigre -VS- River Plate 2023-02-18
Argentinos Jrs -VS- Belgrano 2023-02-18
Godoy Cruz -VS- Estudiantes L.P. 2023-02-18
Newells Old Boys -VS- Banfield 2023-02-19
Union de Santa Fe -VS- Colon Santa Fe 2023-02-19
Boca Juniors -VS- Platense 2023-02-19
Independiente -VS- Defensa y Justicia 2023-02-20
Talleres Cordoba -VS- Central Cordoba 2023-02-20
Sarmiento Junin -VS- San Lorenzo 2023-02-20
Atl. Tucuman -VS- Velez Sarsfield 2023-02-21
A. Klagenfurt -VS- Wolfsberger AC 2023-02-18
Hartberg -VS- Sturm Graz 2023-02-18
Ried -VS- LASK 2023-02-18
A. Lustenau -VS- Austria Vienna 2023-02-19
Tirol -VS- Salzburg 2023-02-19
Rapid Vienna -VS- Altach 2023-02-19
Aalborg -VS- Aarhus 2023-02-17
Lyngby -VS- Nordsjaelland 2023-02-19
Odense -VS- Randers FC 2023-02-19
Silkeborg -VS- FC Copenhagen 2023-02-19
Brondby -VS- Horsens 2023-02-19
Viborg -VS- Midtjylland 2023-02-20
Cork City -VS- Bohemians 2023-02-17
Dundalk -VS- UC Dublin 2023-02-17
Shelbourne -VS- Drogheda 2023-02-17
St. Patricks -VS- Derry City 2023-02-17
Sligo Rovers -VS- Shamrock Rovers 2023-02-18
Cerezo Osaka -VS- Albirex Niigata 2023-02-18
FC Tokyo -VS- Urawa Reds 2023-02-18
Kyoto -VS- Kashima Antlers 2023-02-18
Sanfrecce Hiroshima -VS- Hokkaido Consadole Sapporo 2023-02-18
Vissel Kobe -VS- Avispa Fukuoka 2023-02-18
Yokohama FC -VS- Nagoya Grampus 2023-02-18
Kashiwa Reysol -VS- Gamba Osaka 2023-02-18
Sagan Tosu -VS- Shonan Bellmare 2023-02-18
Juarez -VS- Club Leon 2023-02-18
Puebla -VS- Cruz Azul 2023-02-18
Atl. San Luis -VS- Santos Laguna 2023-02-18
Monterrey -VS- Necaxa 2023-02-18
Atlas -VS- U.A.N.L.- Tigres 2023-02-19
U.N.A.M.- Pumas -VS- Guadalajara Chivas 2023-02-19
Queretaro -VS- Mazatlan FC 2023-02-19
Club America -VS- Club Tijuana 2023-02-20
Pachuca -VS- Toluca 2023-02-20
Cracovia -VS- Stal Mielec 2023-02-17
Widzew Lodz -VS- Slask Wroclaw 2023-02-17
Korona Kielce -VS- Lechia Gdansk 2023-02-18
Rakow -VS- Gornik Z. 2023-02-18
Pogon Szczecin -VS- Warta Poznan 2023-02-18
Legnica -VS- Wisla Plock 2023-02-19
Lech Poznan -VS- Zaglebie 2023-02-19
Piast Gliwice -VS- Legia 2023-02-19
Radomiak Radom -VS- Jagiellonia 2023-02-20
Chindia Targoviste -VS- U. Cluj 2023-02-17
Mioveni -VS- FC Rapid Bucuresti 2023-02-17
FC Hermannstadt -VS- UTA Arad 2023-02-18
Farul Constanta -VS- Petrolul 2023-02-18
CFR Cluj -VS- FC Arges 2023-02-19
FCSB -VS- Univ. Craiova 2023-02-19
FC Botosani -VS- Sepsi Sf. Gheorghe 2023-02-20
U Craiova 1948 -VS- FC Voluntari 2023-02-20
Winterthur -VS- Sion 2023-02-18
Young Boys -VS- Lugano 2023-02-18
St. Gallen -VS- Luzern 2023-02-19
Basel -VS- Servette 2023-02-19
Grasshoppers -VS- Zurich 2023-02-19
------------------------- 2023-02-22 11:00:04.755392
Blackburn -VS- Blackpool 2023-02-21
Millwall -VS- Burnley 2023-02-21
Norwich -VS- Birmingham 2023-02-21
Rotherham -VS- Sunderland 2023-02-21
Swansea -VS- Stoke 2023-02-21
Fleetwood Town -VS- Cambridge 2023-02-21
Morecambe -VS- Port Vale 2023-02-21
Grimsby -VS- Harrogate 2023-02-21
Hartlepool -VS- Newport County 2023-02-21
Rochdale -VS- Stockport 2023-02-21
Walsall -VS- Crewe 2023-02-21
Barnet -VS- Altrincham 2023-02-21
Chesterfield -VS- Wealdstone 2023-02-21
Dag and Red -VS- Aldershot 2023-02-21
Dorking -VS- Torquay 2023-02-21
Gateshead -VS- Oldham 2023-02-21
Halifax -VS- Solihull 2023-02-21
Maidenhead -VS- Yeovil 2023-02-21
Maidstone -VS- Eastleigh 2023-02-21
Notts County -VS- Southend 2023-02-21
Woking -VS- Bromley 2023-02-21
Wrexham -VS- Scunthorpe 2023-02-21
York -VS- Boreham Wood 2023-02-21
Hamilton -VS- Inverness C 2023-02-21
Albion Rvs -VS- Elgin 2023-02-21
Gimnasia L.P. -VS- Instituto 2023-02-17
Arsenal Sarandi -VS- Racing Club 2023-02-18
Huracan -VS- Barracas Central 2023-02-18
Lanus -VS- Rosario Central 2023-02-18
Tigre -VS- River Plate 2023-02-18
Argentinos Jrs -VS- Belgrano 2023-02-18
Godoy Cruz -VS- Estudiantes L.P. 2023-02-18
Newells Old Boys -VS- Banfield 2023-02-19
Union de Santa Fe -VS- Colon Santa Fe 2023-02-19
Boca Juniors -VS- Platense 2023-02-19
Independiente -VS- Defensa y Justicia 2023-02-20
Talleres Cordoba -VS- Central Cordoba 2023-02-20
Sarmiento Junin -VS- San Lorenzo 2023-02-20
Atl. Tucuman -VS- Velez Sarsfield 2023-02-21
A. Klagenfurt -VS- Wolfsberger AC 2023-02-18
Hartberg -VS- Sturm Graz 2023-02-18
Ried -VS- LASK 2023-02-18
A. Lustenau -VS- Austria Vienna 2023-02-19
Tirol -VS- Salzburg 2023-02-19
Rapid Vienna -VS- Altach 2023-02-19
Aalborg -VS- Aarhus 2023-02-17
Lyngby -VS- Nordsjaelland 2023-02-19
Odense -VS- Randers FC 2023-02-19
Silkeborg -VS- FC Copenhagen 2023-02-19
Brondby -VS- Horsens 2023-02-19
Viborg -VS- Midtjylland 2023-02-20
Cork City -VS- Bohemians 2023-02-17
Dundalk -VS- UC Dublin 2023-02-17
Shelbourne -VS- Drogheda 2023-02-17
St. Patricks -VS- Derry City 2023-02-17
Sligo Rovers -VS- Shamrock Rovers 2023-02-18
Cerezo Osaka -VS- Albirex Niigata 2023-02-18
FC Tokyo -VS- Urawa Reds 2023-02-18
Kyoto -VS- Kashima Antlers 2023-02-18
Sanfrecce Hiroshima -VS- Hokkaido Consadole Sapporo 2023-02-18
Vissel Kobe -VS- Avispa Fukuoka 2023-02-18
Yokohama FC -VS- Nagoya Grampus 2023-02-18
Kashiwa Reysol -VS- Gamba Osaka 2023-02-18
Sagan Tosu -VS- Shonan Bellmare 2023-02-18
Juarez -VS- Club Leon 2023-02-18
Puebla -VS- Cruz Azul 2023-02-18
Atl. San Luis -VS- Santos Laguna 2023-02-18
Monterrey -VS- Necaxa 2023-02-18
Atlas -VS- U.A.N.L.- Tigres 2023-02-19
U.N.A.M.- Pumas -VS- Guadalajara Chivas 2023-02-19
Queretaro -VS- Mazatlan FC 2023-02-19
Club America -VS- Club Tijuana 2023-02-20
Pachuca -VS- Toluca 2023-02-20
Cracovia -VS- Stal Mielec 2023-02-17
Widzew Lodz -VS- Slask Wroclaw 2023-02-17
Korona Kielce -VS- Lechia Gdansk 2023-02-18
Rakow -VS- Gornik Z. 2023-02-18
Pogon Szczecin -VS- Warta Poznan 2023-02-18
Legnica -VS- Wisla Plock 2023-02-19
Lech Poznan -VS- Zaglebie 2023-02-19
Piast Gliwice -VS- Legia 2023-02-19
Radomiak Radom -VS- Jagiellonia 2023-02-20
Chindia Targoviste -VS- U. Cluj 2023-02-17
Mioveni -VS- FC Rapid Bucuresti 2023-02-17
FC Hermannstadt -VS- UTA Arad 2023-02-18
Farul Constanta -VS- Petrolul 2023-02-18
CFR Cluj -VS- FC Arges 2023-02-19
FCSB -VS- Univ. Craiova 2023-02-19
FC Botosani -VS- Sepsi Sf. Gheorghe 2023-02-20
U Craiova 1948 -VS- FC Voluntari 2023-02-20
Winterthur -VS- Sion 2023-02-18
Young Boys -VS- Lugano 2023-02-18
St. Gallen -VS- Luzern 2023-02-19
Basel -VS- Servette 2023-02-19
Grasshoppers -VS- Zurich 2023-02-19
------------------------- 2023-02-22 12:00:03.203664
Blackburn -VS- Blackpool 2023-02-21
Millwall -VS- Burnley 2023-02-21
Norwich -VS- Birmingham 2023-02-21
Rotherham -VS- Sunderland 2023-02-21
Swansea -VS- Stoke 2023-02-21
Fleetwood Town -VS- Cambridge 2023-02-21
Morecambe -VS- Port Vale 2023-02-21
Grimsby -VS- Harrogate 2023-02-21
Hartlepool -VS- Newport County 2023-02-21
Rochdale -VS- Stockport 2023-02-21
Walsall -VS- Crewe 2023-02-21
Barnet -VS- Altrincham 2023-02-21
Chesterfield -VS- Wealdstone 2023-02-21
Dag and Red -VS- Aldershot 2023-02-21
Dorking -VS- Torquay 2023-02-21
Gateshead -VS- Oldham 2023-02-21
Halifax -VS- Solihull 2023-02-21
Maidenhead -VS- Yeovil 2023-02-21
Maidstone -VS- Eastleigh 2023-02-21
Notts County -VS- Southend 2023-02-21
Woking -VS- Bromley 2023-02-21
Wrexham -VS- Scunthorpe 2023-02-21
York -VS- Boreham Wood 2023-02-21
Hamilton -VS- Inverness C 2023-02-21
Albion Rvs -VS- Elgin 2023-02-21
Gimnasia L.P. -VS- Instituto 2023-02-17
Arsenal Sarandi -VS- Racing Club 2023-02-18
Huracan -VS- Barracas Central 2023-02-18
Lanus -VS- Rosario Central 2023-02-18
Tigre -VS- River Plate 2023-02-18
Argentinos Jrs -VS- Belgrano 2023-02-18
Godoy Cruz -VS- Estudiantes L.P. 2023-02-18
Newells Old Boys -VS- Banfield 2023-02-19
Union de Santa Fe -VS- Colon Santa Fe 2023-02-19
Boca Juniors -VS- Platense 2023-02-19
Independiente -VS- Defensa y Justicia 2023-02-20
Talleres Cordoba -VS- Central Cordoba 2023-02-20
Sarmiento Junin -VS- San Lorenzo 2023-02-20
Atl. Tucuman -VS- Velez Sarsfield 2023-02-21
A. Klagenfurt -VS- Wolfsberger AC 2023-02-18
Hartberg -VS- Sturm Graz 2023-02-18
Ried -VS- LASK 2023-02-18
A. Lustenau -VS- Austria Vienna 2023-02-19
Tirol -VS- Salzburg 2023-02-19
Rapid Vienna -VS- Altach 2023-02-19
Aalborg -VS- Aarhus 2023-02-17
Lyngby -VS- Nordsjaelland 2023-02-19
Odense -VS- Randers FC 2023-02-19
Silkeborg -VS- FC Copenhagen 2023-02-19
Brondby -VS- Horsens 2023-02-19
Viborg -VS- Midtjylland 2023-02-20
Cork City -VS- Bohemians 2023-02-17
Dundalk -VS- UC Dublin 2023-02-17
Shelbourne -VS- Drogheda 2023-02-17
St. Patricks -VS- Derry City 2023-02-17
Sligo Rovers -VS- Shamrock Rovers 2023-02-18
Cerezo Osaka -VS- Albirex Niigata 2023-02-18
FC Tokyo -VS- Urawa Reds 2023-02-18
Kyoto -VS- Kashima Antlers 2023-02-18
Sanfrecce Hiroshima -VS- Hokkaido Consadole Sapporo 2023-02-18
Vissel Kobe -VS- Avispa Fukuoka 2023-02-18
Yokohama FC -VS- Nagoya Grampus 2023-02-18
Kashiwa Reysol -VS- Gamba Osaka 2023-02-18
Sagan Tosu -VS- Shonan Bellmare 2023-02-18
Juarez -VS- Club Leon 2023-02-18
Puebla -VS- Cruz Azul 2023-02-18
Atl. San Luis -VS- Santos Laguna 2023-02-18
Monterrey -VS- Necaxa 2023-02-18
Atlas -VS- U.A.N.L.- Tigres 2023-02-19
U.N.A.M.- Pumas -VS- Guadalajara Chivas 2023-02-19
Queretaro -VS- Mazatlan FC 2023-02-19
Club America -VS- Club Tijuana 2023-02-20
Pachuca -VS- Toluca 2023-02-20
Cracovia -VS- Stal Mielec 2023-02-17
Widzew Lodz -VS- Slask Wroclaw 2023-02-17
Korona Kielce -VS- Lechia Gdansk 2023-02-18
Rakow -VS- Gornik Z. 2023-02-18
Pogon Szczecin -VS- Warta Poznan 2023-02-18
Legnica -VS- Wisla Plock 2023-02-19
Lech Poznan -VS- Zaglebie 2023-02-19
Piast Gliwice -VS- Legia 2023-02-19
Radomiak Radom -VS- Jagiellonia 2023-02-20
Chindia Targoviste -VS- U. Cluj 2023-02-17
Mioveni -VS- FC Rapid Bucuresti 2023-02-17
FC Hermannstadt -VS- UTA Arad 2023-02-18
Farul Constanta -VS- Petrolul 2023-02-18
CFR Cluj -VS- FC Arges 2023-02-19
FCSB -VS- Univ. Craiova 2023-02-19
FC Botosani -VS- Sepsi Sf. Gheorghe 2023-02-20
U Craiova 1948 -VS- FC Voluntari 2023-02-20
Winterthur -VS- Sion 2023-02-18
Young Boys -VS- Lugano 2023-02-18
St. Gallen -VS- Luzern 2023-02-19
Basel -VS- Servette 2023-02-19
Grasshoppers -VS- Zurich 2023-02-19
------------------------- 2023-02-22 13:00:03.480201
Blackburn -VS- Blackpool 2023-02-21
Millwall -VS- Burnley 2023-02-21
Norwich -VS- Birmingham 2023-02-21
Rotherham -VS- Sunderland 2023-02-21
Swansea -VS- Stoke 2023-02-21
Fleetwood Town -VS- Cambridge 2023-02-21
Morecambe -VS- Port Vale 2023-02-21
Grimsby -VS- Harrogate 2023-02-21
Hartlepool -VS- Newport County 2023-02-21
Rochdale -VS- Stockport 2023-02-21
Walsall -VS- Crewe 2023-02-21
Barnet -VS- Altrincham 2023-02-21
Chesterfield -VS- Wealdstone 2023-02-21
Dag and Red -VS- Aldershot 2023-02-21
Dorking -VS- Torquay 2023-02-21
Gateshead -VS- Oldham 2023-02-21
Halifax -VS- Solihull 2023-02-21
Maidenhead -VS- Yeovil 2023-02-21
Maidstone -VS- Eastleigh 2023-02-21
Notts County -VS- Southend 2023-02-21
Woking -VS- Bromley 2023-02-21
Wrexham -VS- Scunthorpe 2023-02-21
York -VS- Boreham Wood 2023-02-21
Hamilton -VS- Inverness C 2023-02-21
Albion Rvs -VS- Elgin 2023-02-21
Gimnasia L.P. -VS- Instituto 2023-02-17
Arsenal Sarandi -VS- Racing Club 2023-02-18
Huracan -VS- Barracas Central 2023-02-18
Lanus -VS- Rosario Central 2023-02-18
Tigre -VS- River Plate 2023-02-18
Argentinos Jrs -VS- Belgrano 2023-02-18
Godoy Cruz -VS- Estudiantes L.P. 2023-02-18
Newells Old Boys -VS- Banfield 2023-02-19
Union de Santa Fe -VS- Colon Santa Fe 2023-02-19
Boca Juniors -VS- Platense 2023-02-19
Independiente -VS- Defensa y Justicia 2023-02-20
Talleres Cordoba -VS- Central Cordoba 2023-02-20
Sarmiento Junin -VS- San Lorenzo 2023-02-20
Atl. Tucuman -VS- Velez Sarsfield 2023-02-21
A. Klagenfurt -VS- Wolfsberger AC 2023-02-18
Hartberg -VS- Sturm Graz 2023-02-18
Ried -VS- LASK 2023-02-18
A. Lustenau -VS- Austria Vienna 2023-02-19
Tirol -VS- Salzburg 2023-02-19
Rapid Vienna -VS- Altach 2023-02-19
Aalborg -VS- Aarhus 2023-02-17
Lyngby -VS- Nordsjaelland 2023-02-19
Odense -VS- Randers FC 2023-02-19
Silkeborg -VS- FC Copenhagen 2023-02-19
Brondby -VS- Horsens 2023-02-19
Viborg -VS- Midtjylland 2023-02-20
Cork City -VS- Bohemians 2023-02-17
Dundalk -VS- UC Dublin 2023-02-17
Shelbourne -VS- Drogheda 2023-02-17
St. Patricks -VS- Derry City 2023-02-17
Sligo Rovers -VS- Shamrock Rovers 2023-02-18
Cerezo Osaka -VS- Albirex Niigata 2023-02-18
FC Tokyo -VS- Urawa Reds 2023-02-18
Kyoto -VS- Kashima Antlers 2023-02-18
Sanfrecce Hiroshima -VS- Hokkaido Consadole Sapporo 2023-02-18
Vissel Kobe -VS- Avispa Fukuoka 2023-02-18
Yokohama FC -VS- Nagoya Grampus 2023-02-18
Kashiwa Reysol -VS- Gamba Osaka 2023-02-18
Sagan Tosu -VS- Shonan Bellmare 2023-02-18
Juarez -VS- Club Leon 2023-02-18
Puebla -VS- Cruz Azul 2023-02-18
Atl. San Luis -VS- Santos Laguna 2023-02-18
Monterrey -VS- Necaxa 2023-02-18
Atlas -VS- U.A.N.L.- Tigres 2023-02-19
U.N.A.M.- Pumas -VS- Guadalajara Chivas 2023-02-19
Queretaro -VS- Mazatlan FC 2023-02-19
Club America -VS- Club Tijuana 2023-02-20
Pachuca -VS- Toluca 2023-02-20
Cracovia -VS- Stal Mielec 2023-02-17
Widzew Lodz -VS- Slask Wroclaw 2023-02-17
Korona Kielce -VS- Lechia Gdansk 2023-02-18
Rakow -VS- Gornik Z. 2023-02-18
Pogon Szczecin -VS- Warta Poznan 2023-02-18
Legnica -VS- Wisla Plock 2023-02-19
Lech Poznan -VS- Zaglebie 2023-02-19
Piast Gliwice -VS- Legia 2023-02-19
Radomiak Radom -VS- Jagiellonia 2023-02-20
Chindia Targoviste -VS- U. Cluj 2023-02-17
Mioveni -VS- FC Rapid Bucuresti 2023-02-17
FC Hermannstadt -VS- UTA Arad 2023-02-18
Farul Constanta -VS- Petrolul 2023-02-18
CFR Cluj -VS- FC Arges 2023-02-19
FCSB -VS- Univ. Craiova 2023-02-19
FC Botosani -VS- Sepsi Sf. Gheorghe 2023-02-20
U Craiova 1948 -VS- FC Voluntari 2023-02-20
Winterthur -VS- Sion 2023-02-18
Young Boys -VS- Lugano 2023-02-18
St. Gallen -VS- Luzern 2023-02-19
Basel -VS- Servette 2023-02-19
Grasshoppers -VS- Zurich 2023-02-19
------------------------- 2023-02-22 14:00:02.181335
Blackburn -VS- Blackpool 2023-02-21
Millwall -VS- Burnley 2023-02-21
Norwich -VS- Birmingham 2023-02-21
Rotherham -VS- Sunderland 2023-02-21
Swansea -VS- Stoke 2023-02-21
Fleetwood Town -VS- Cambridge 2023-02-21
Morecambe -VS- Port Vale 2023-02-21
Grimsby -VS- Harrogate 2023-02-21
Hartlepool -VS- Newport County 2023-02-21
Rochdale -VS- Stockport 2023-02-21
Walsall -VS- Crewe 2023-02-21
Barnet -VS- Altrincham 2023-02-21
Chesterfield -VS- Wealdstone 2023-02-21
Dag and Red -VS- Aldershot 2023-02-21
Dorking -VS- Torquay 2023-02-21
Gateshead -VS- Oldham 2023-02-21
Halifax -VS- Solihull 2023-02-21
Maidenhead -VS- Yeovil 2023-02-21
Maidstone -VS- Eastleigh 2023-02-21
Notts County -VS- Southend 2023-02-21
Woking -VS- Bromley 2023-02-21
Wrexham -VS- Scunthorpe 2023-02-21
York -VS- Boreham Wood 2023-02-21
Hamilton -VS- Inverness C 2023-02-21
Albion Rvs -VS- Elgin 2023-02-21
Gimnasia L.P. -VS- Instituto 2023-02-17
Arsenal Sarandi -VS- Racing Club 2023-02-18
Huracan -VS- Barracas Central 2023-02-18
Lanus -VS- Rosario Central 2023-02-18
Tigre -VS- River Plate 2023-02-18
Argentinos Jrs -VS- Belgrano 2023-02-18
Godoy Cruz -VS- Estudiantes L.P. 2023-02-18
Newells Old Boys -VS- Banfield 2023-02-19
Union de Santa Fe -VS- Colon Santa Fe 2023-02-19
Boca Juniors -VS- Platense 2023-02-19
Independiente -VS- Defensa y Justicia 2023-02-20
Talleres Cordoba -VS- Central Cordoba 2023-02-20
Sarmiento Junin -VS- San Lorenzo 2023-02-20
Atl. Tucuman -VS- Velez Sarsfield 2023-02-21
A. Klagenfurt -VS- Wolfsberger AC 2023-02-18
Hartberg -VS- Sturm Graz 2023-02-18
Ried -VS- LASK 2023-02-18
A. Lustenau -VS- Austria Vienna 2023-02-19
Tirol -VS- Salzburg 2023-02-19
Rapid Vienna -VS- Altach 2023-02-19
Aalborg -VS- Aarhus 2023-02-17
Lyngby -VS- Nordsjaelland 2023-02-19
Odense -VS- Randers FC 2023-02-19
Silkeborg -VS- FC Copenhagen 2023-02-19
Brondby -VS- Horsens 2023-02-19
Viborg -VS- Midtjylland 2023-02-20
Cork City -VS- Bohemians 2023-02-17
Dundalk -VS- UC Dublin 2023-02-17
Shelbourne -VS- Drogheda 2023-02-17
St. Patricks -VS- Derry City 2023-02-17
Sligo Rovers -VS- Shamrock Rovers 2023-02-18
Cerezo Osaka -VS- Albirex Niigata 2023-02-18
FC Tokyo -VS- Urawa Reds 2023-02-18
Kyoto -VS- Kashima Antlers 2023-02-18
Sanfrecce Hiroshima -VS- Hokkaido Consadole Sapporo 2023-02-18
Vissel Kobe -VS- Avispa Fukuoka 2023-02-18
Yokohama FC -VS- Nagoya Grampus 2023-02-18
Kashiwa Reysol -VS- Gamba Osaka 2023-02-18
Sagan Tosu -VS- Shonan Bellmare 2023-02-18
Juarez -VS- Club Leon 2023-02-18
Puebla -VS- Cruz Azul 2023-02-18
Atl. San Luis -VS- Santos Laguna 2023-02-18
Monterrey -VS- Necaxa 2023-02-18
Atlas -VS- U.A.N.L.- Tigres 2023-02-19
U.N.A.M.- Pumas -VS- Guadalajara Chivas 2023-02-19
Queretaro -VS- Mazatlan FC 2023-02-19
Club America -VS- Club Tijuana 2023-02-20
Pachuca -VS- Toluca 2023-02-20
Cracovia -VS- Stal Mielec 2023-02-17
Widzew Lodz -VS- Slask Wroclaw 2023-02-17
Korona Kielce -VS- Lechia Gdansk 2023-02-18
Rakow -VS- Gornik Z. 2023-02-18
Pogon Szczecin -VS- Warta Poznan 2023-02-18
Legnica -VS- Wisla Plock 2023-02-19
Lech Poznan -VS- Zaglebie 2023-02-19
Piast Gliwice -VS- Legia 2023-02-19
Radomiak Radom -VS- Jagiellonia 2023-02-20
Chindia Targoviste -VS- U. Cluj 2023-02-17
Mioveni -VS- FC Rapid Bucuresti 2023-02-17
FC Hermannstadt -VS- UTA Arad 2023-02-18
Farul Constanta -VS- Petrolul 2023-02-18
CFR Cluj -VS- FC Arges 2023-02-19
FCSB -VS- Univ. Craiova 2023-02-19
FC Botosani -VS- Sepsi Sf. Gheorghe 2023-02-20
U Craiova 1948 -VS- FC Voluntari 2023-02-20
Winterthur -VS- Sion 2023-02-18
Young Boys -VS- Lugano 2023-02-18
St. Gallen -VS- Luzern 2023-02-19
Basel -VS- Servette 2023-02-19
Grasshoppers -VS- Zurich 2023-02-19
------------------------- 2023-02-22 15:00:03.948985
Blackburn -VS- Blackpool 2023-02-21
Millwall -VS- Burnley 2023-02-21
Norwich -VS- Birmingham 2023-02-21
Rotherham -VS- Sunderland 2023-02-21
Swansea -VS- Stoke 2023-02-21
Fleetwood Town -VS- Cambridge 2023-02-21
Morecambe -VS- Port Vale 2023-02-21
Grimsby -VS- Harrogate 2023-02-21
Hartlepool -VS- Newport County 2023-02-21
Rochdale -VS- Stockport 2023-02-21
Walsall -VS- Crewe 2023-02-21
Barnet -VS- Altrincham 2023-02-21
Chesterfield -VS- Wealdstone 2023-02-21
Dag and Red -VS- Aldershot 2023-02-21
Dorking -VS- Torquay 2023-02-21
Gateshead -VS- Oldham 2023-02-21
Halifax -VS- Solihull 2023-02-21
Maidenhead -VS- Yeovil 2023-02-21
Maidstone -VS- Eastleigh 2023-02-21
Notts County -VS- Southend 2023-02-21
Woking -VS- Bromley 2023-02-21
Wrexham -VS- Scunthorpe 2023-02-21
York -VS- Boreham Wood 2023-02-21
Hamilton -VS- Inverness C 2023-02-21
Albion Rvs -VS- Elgin 2023-02-21
Gimnasia L.P. -VS- Instituto 2023-02-17
Arsenal Sarandi -VS- Racing Club 2023-02-18
Huracan -VS- Barracas Central 2023-02-18
Lanus -VS- Rosario Central 2023-02-18
Tigre -VS- River Plate 2023-02-18
Argentinos Jrs -VS- Belgrano 2023-02-18
Godoy Cruz -VS- Estudiantes L.P. 2023-02-18
Newells Old Boys -VS- Banfield 2023-02-19
Union de Santa Fe -VS- Colon Santa Fe 2023-02-19
Boca Juniors -VS- Platense 2023-02-19
Independiente -VS- Defensa y Justicia 2023-02-20
Talleres Cordoba -VS- Central Cordoba 2023-02-20
Sarmiento Junin -VS- San Lorenzo 2023-02-20
Atl. Tucuman -VS- Velez Sarsfield 2023-02-21
A. Klagenfurt -VS- Wolfsberger AC 2023-02-18
Hartberg -VS- Sturm Graz 2023-02-18
Ried -VS- LASK 2023-02-18
A. Lustenau -VS- Austria Vienna 2023-02-19
Tirol -VS- Salzburg 2023-02-19
Rapid Vienna -VS- Altach 2023-02-19
Aalborg -VS- Aarhus 2023-02-17
Lyngby -VS- Nordsjaelland 2023-02-19
Odense -VS- Randers FC 2023-02-19
Silkeborg -VS- FC Copenhagen 2023-02-19
Brondby -VS- Horsens 2023-02-19
Viborg -VS- Midtjylland 2023-02-20
Cork City -VS- Bohemians 2023-02-17
Dundalk -VS- UC Dublin 2023-02-17
Shelbourne -VS- Drogheda 2023-02-17
St. Patricks -VS- Derry City 2023-02-17
Sligo Rovers -VS- Shamrock Rovers 2023-02-18
Cerezo Osaka -VS- Albirex Niigata 2023-02-18
FC Tokyo -VS- Urawa Reds 2023-02-18
Kyoto -VS- Kashima Antlers 2023-02-18
Sanfrecce Hiroshima -VS- Hokkaido Consadole Sapporo 2023-02-18
Vissel Kobe -VS- Avispa Fukuoka 2023-02-18
Yokohama FC -VS- Nagoya Grampus 2023-02-18
Kashiwa Reysol -VS- Gamba Osaka 2023-02-18
Sagan Tosu -VS- Shonan Bellmare 2023-02-18
Juarez -VS- Club Leon 2023-02-18
Puebla -VS- Cruz Azul 2023-02-18
Atl. San Luis -VS- Santos Laguna 2023-02-18
Monterrey -VS- Necaxa 2023-02-18
Atlas -VS- U.A.N.L.- Tigres 2023-02-19
U.N.A.M.- Pumas -VS- Guadalajara Chivas 2023-02-19
Queretaro -VS- Mazatlan FC 2023-02-19
Club America -VS- Club Tijuana 2023-02-20
Pachuca -VS- Toluca 2023-02-20
Cracovia -VS- Stal Mielec 2023-02-17
Widzew Lodz -VS- Slask Wroclaw 2023-02-17
Korona Kielce -VS- Lechia Gdansk 2023-02-18
Rakow -VS- Gornik Z. 2023-02-18
Pogon Szczecin -VS- Warta Poznan 2023-02-18
Legnica -VS- Wisla Plock 2023-02-19
Lech Poznan -VS- Zaglebie 2023-02-19
Piast Gliwice -VS- Legia 2023-02-19
Radomiak Radom -VS- Jagiellonia 2023-02-20
Chindia Targoviste -VS- U. Cluj 2023-02-17
Mioveni -VS- FC Rapid Bucuresti 2023-02-17
FC Hermannstadt -VS- UTA Arad 2023-02-18
Farul Constanta -VS- Petrolul 2023-02-18
CFR Cluj -VS- FC Arges 2023-02-19
FCSB -VS- Univ. Craiova 2023-02-19
FC Botosani -VS- Sepsi Sf. Gheorghe 2023-02-20
U Craiova 1948 -VS- FC Voluntari 2023-02-20
Winterthur -VS- Sion 2023-02-18
Young Boys -VS- Lugano 2023-02-18
St. Gallen -VS- Luzern 2023-02-19
Basel -VS- Servette 2023-02-19
Grasshoppers -VS- Zurich 2023-02-19
------------------------- 2023-02-22 16:00:03.424168
Blackburn -VS- Blackpool 2023-02-21
Millwall -VS- Burnley 2023-02-21
Norwich -VS- Birmingham 2023-02-21
Rotherham -VS- Sunderland 2023-02-21
Swansea -VS- Stoke 2023-02-21
Fleetwood Town -VS- Cambridge 2023-02-21
Morecambe -VS- Port Vale 2023-02-21
Grimsby -VS- Harrogate 2023-02-21
Hartlepool -VS- Newport County 2023-02-21
Rochdale -VS- Stockport 2023-02-21
Walsall -VS- Crewe 2023-02-21
Barnet -VS- Altrincham 2023-02-21
Chesterfield -VS- Wealdstone 2023-02-21
Dag and Red -VS- Aldershot 2023-02-21
Dorking -VS- Torquay 2023-02-21
Gateshead -VS- Oldham 2023-02-21
Halifax -VS- Solihull 2023-02-21
Maidenhead -VS- Yeovil 2023-02-21
Maidstone -VS- Eastleigh 2023-02-21
Notts County -VS- Southend 2023-02-21
Woking -VS- Bromley 2023-02-21
Wrexham -VS- Scunthorpe 2023-02-21
York -VS- Boreham Wood 2023-02-21
Hamilton -VS- Inverness C 2023-02-21
Albion Rvs -VS- Elgin 2023-02-21
Gimnasia L.P. -VS- Instituto 2023-02-17
Arsenal Sarandi -VS- Racing Club 2023-02-18
Huracan -VS- Barracas Central 2023-02-18
Lanus -VS- Rosario Central 2023-02-18
Tigre -VS- River Plate 2023-02-18
Argentinos Jrs -VS- Belgrano 2023-02-18
Godoy Cruz -VS- Estudiantes L.P. 2023-02-18
Newells Old Boys -VS- Banfield 2023-02-19
Union de Santa Fe -VS- Colon Santa Fe 2023-02-19
Boca Juniors -VS- Platense 2023-02-19
Independiente -VS- Defensa y Justicia 2023-02-20
Talleres Cordoba -VS- Central Cordoba 2023-02-20
Sarmiento Junin -VS- San Lorenzo 2023-02-20
Atl. Tucuman -VS- Velez Sarsfield 2023-02-21
A. Klagenfurt -VS- Wolfsberger AC 2023-02-18
Hartberg -VS- Sturm Graz 2023-02-18
Ried -VS- LASK 2023-02-18
A. Lustenau -VS- Austria Vienna 2023-02-19
Tirol -VS- Salzburg 2023-02-19
Rapid Vienna -VS- Altach 2023-02-19
Aalborg -VS- Aarhus 2023-02-17
Lyngby -VS- Nordsjaelland 2023-02-19
Odense -VS- Randers FC 2023-02-19
Silkeborg -VS- FC Copenhagen 2023-02-19
Brondby -VS- Horsens 2023-02-19
Viborg -VS- Midtjylland 2023-02-20
Cork City -VS- Bohemians 2023-02-17
Dundalk -VS- UC Dublin 2023-02-17
Shelbourne -VS- Drogheda 2023-02-17
St. Patricks -VS- Derry City 2023-02-17
Sligo Rovers -VS- Shamrock Rovers 2023-02-18
Cerezo Osaka -VS- Albirex Niigata 2023-02-18
FC Tokyo -VS- Urawa Reds 2023-02-18
Kyoto -VS- Kashima Antlers 2023-02-18
Sanfrecce Hiroshima -VS- Hokkaido Consadole Sapporo 2023-02-18
Vissel Kobe -VS- Avispa Fukuoka 2023-02-18
Yokohama FC -VS- Nagoya Grampus 2023-02-18
Kashiwa Reysol -VS- Gamba Osaka 2023-02-18
Sagan Tosu -VS- Shonan Bellmare 2023-02-18
Juarez -VS- Club Leon 2023-02-18
Puebla -VS- Cruz Azul 2023-02-18
Atl. San Luis -VS- Santos Laguna 2023-02-18
Monterrey -VS- Necaxa 2023-02-18
Atlas -VS- U.A.N.L.- Tigres 2023-02-19
U.N.A.M.- Pumas -VS- Guadalajara Chivas 2023-02-19
Queretaro -VS- Mazatlan FC 2023-02-19
Club America -VS- Club Tijuana 2023-02-20
Pachuca -VS- Toluca 2023-02-20
Cracovia -VS- Stal Mielec 2023-02-17
Widzew Lodz -VS- Slask Wroclaw 2023-02-17
Korona Kielce -VS- Lechia Gdansk 2023-02-18
Rakow -VS- Gornik Z. 2023-02-18
Pogon Szczecin -VS- Warta Poznan 2023-02-18
Legnica -VS- Wisla Plock 2023-02-19
Lech Poznan -VS- Zaglebie 2023-02-19
Piast Gliwice -VS- Legia 2023-02-19
Radomiak Radom -VS- Jagiellonia 2023-02-20
Chindia Targoviste -VS- U. Cluj 2023-02-17
Mioveni -VS- FC Rapid Bucuresti 2023-02-17
FC Hermannstadt -VS- UTA Arad 2023-02-18
Farul Constanta -VS- Petrolul 2023-02-18
CFR Cluj -VS- FC Arges 2023-02-19
FCSB -VS- Univ. Craiova 2023-02-19
FC Botosani -VS- Sepsi Sf. Gheorghe 2023-02-20
U Craiova 1948 -VS- FC Voluntari 2023-02-20
Winterthur -VS- Sion 2023-02-18
Young Boys -VS- Lugano 2023-02-18
St. Gallen -VS- Luzern 2023-02-19
Basel -VS- Servette 2023-02-19
Grasshoppers -VS- Zurich 2023-02-19
------------------------- 2023-02-22 17:00:06.884012
Blackburn -VS- Blackpool 2023-02-21
Millwall -VS- Burnley 2023-02-21
Norwich -VS- Birmingham 2023-02-21
Rotherham -VS- Sunderland 2023-02-21
Swansea -VS- Stoke 2023-02-21
Fleetwood Town -VS- Cambridge 2023-02-21
Morecambe -VS- Port Vale 2023-02-21
Grimsby -VS- Harrogate 2023-02-21
Hartlepool -VS- Newport County 2023-02-21
Rochdale -VS- Stockport 2023-02-21
Walsall -VS- Crewe 2023-02-21
Barnet -VS- Altrincham 2023-02-21
Chesterfield -VS- Wealdstone 2023-02-21
Dag and Red -VS- Aldershot 2023-02-21
Dorking -VS- Torquay 2023-02-21
Gateshead -VS- Oldham 2023-02-21
Halifax -VS- Solihull 2023-02-21
Maidenhead -VS- Yeovil 2023-02-21
Maidstone -VS- Eastleigh 2023-02-21
Notts County -VS- Southend 2023-02-21
Woking -VS- Bromley 2023-02-21
Wrexham -VS- Scunthorpe 2023-02-21
York -VS- Boreham Wood 2023-02-21
Hamilton -VS- Inverness C 2023-02-21
Albion Rvs -VS- Elgin 2023-02-21
Gimnasia L.P. -VS- Instituto 2023-02-17
Arsenal Sarandi -VS- Racing Club 2023-02-18
Huracan -VS- Barracas Central 2023-02-18
Lanus -VS- Rosario Central 2023-02-18
Tigre -VS- River Plate 2023-02-18
Argentinos Jrs -VS- Belgrano 2023-02-18
Godoy Cruz -VS- Estudiantes L.P. 2023-02-18
Newells Old Boys -VS- Banfield 2023-02-19
Union de Santa Fe -VS- Colon Santa Fe 2023-02-19
Boca Juniors -VS- Platense 2023-02-19
Independiente -VS- Defensa y Justicia 2023-02-20
Talleres Cordoba -VS- Central Cordoba 2023-02-20
Sarmiento Junin -VS- San Lorenzo 2023-02-20
Atl. Tucuman -VS- Velez Sarsfield 2023-02-21
A. Klagenfurt -VS- Wolfsberger AC 2023-02-18
Hartberg -VS- Sturm Graz 2023-02-18
Ried -VS- LASK 2023-02-18
A. Lustenau -VS- Austria Vienna 2023-02-19
Tirol -VS- Salzburg 2023-02-19
Rapid Vienna -VS- Altach 2023-02-19
Aalborg -VS- Aarhus 2023-02-17
Lyngby -VS- Nordsjaelland 2023-02-19
Odense -VS- Randers FC 2023-02-19
Silkeborg -VS- FC Copenhagen 2023-02-19
Brondby -VS- Horsens 2023-02-19
Viborg -VS- Midtjylland 2023-02-20
Cork City -VS- Bohemians 2023-02-17
Dundalk -VS- UC Dublin 2023-02-17
Shelbourne -VS- Drogheda 2023-02-17
St. Patricks -VS- Derry City 2023-02-17
Sligo Rovers -VS- Shamrock Rovers 2023-02-18
Cerezo Osaka -VS- Albirex Niigata 2023-02-18
FC Tokyo -VS- Urawa Reds 2023-02-18
Kyoto -VS- Kashima Antlers 2023-02-18
Sanfrecce Hiroshima -VS- Hokkaido Consadole Sapporo 2023-02-18
Vissel Kobe -VS- Avispa Fukuoka 2023-02-18
Yokohama FC -VS- Nagoya Grampus 2023-02-18
Kashiwa Reysol -VS- Gamba Osaka 2023-02-18
Sagan Tosu -VS- Shonan Bellmare 2023-02-18
Juarez -VS- Club Leon 2023-02-18
Puebla -VS- Cruz Azul 2023-02-18
Atl. San Luis -VS- Santos Laguna 2023-02-18
Monterrey -VS- Necaxa 2023-02-18
Atlas -VS- U.A.N.L.- Tigres 2023-02-19
U.N.A.M.- Pumas -VS- Guadalajara Chivas 2023-02-19
Queretaro -VS- Mazatlan FC 2023-02-19
Club America -VS- Club Tijuana 2023-02-20
Pachuca -VS- Toluca 2023-02-20
Cracovia -VS- Stal Mielec 2023-02-17
Widzew Lodz -VS- Slask Wroclaw 2023-02-17
Korona Kielce -VS- Lechia Gdansk 2023-02-18
Rakow -VS- Gornik Z. 2023-02-18
Pogon Szczecin -VS- Warta Poznan 2023-02-18
Legnica -VS- Wisla Plock 2023-02-19
Lech Poznan -VS- Zaglebie 2023-02-19
Piast Gliwice -VS- Legia 2023-02-19
Radomiak Radom -VS- Jagiellonia 2023-02-20
Chindia Targoviste -VS- U. Cluj 2023-02-17
Mioveni -VS- FC Rapid Bucuresti 2023-02-17
FC Hermannstadt -VS- UTA Arad 2023-02-18
Farul Constanta -VS- Petrolul 2023-02-18
CFR Cluj -VS- FC Arges 2023-02-19
FCSB -VS- Univ. Craiova 2023-02-19
FC Botosani -VS- Sepsi Sf. Gheorghe 2023-02-20
U Craiova 1948 -VS- FC Voluntari 2023-02-20
Winterthur -VS- Sion 2023-02-18
Young Boys -VS- Lugano 2023-02-18
St. Gallen -VS- Luzern 2023-02-19
Basel -VS- Servette 2023-02-19
Grasshoppers -VS- Zurich 2023-02-19
------------------------- 2023-02-23 10:00:03.704455
Blackburn -VS- Blackpool 2023-02-21
Millwall -VS- Burnley 2023-02-21
Norwich -VS- Birmingham 2023-02-21
Rotherham -VS- Sunderland 2023-02-21
Swansea -VS- Stoke 2023-02-21
Fleetwood Town -VS- Cambridge 2023-02-21
Morecambe -VS- Port Vale 2023-02-21
Grimsby -VS- Harrogate 2023-02-21
Hartlepool -VS- Newport County 2023-02-21
Rochdale -VS- Stockport 2023-02-21
Walsall -VS- Crewe 2023-02-21
Barnet -VS- Altrincham 2023-02-21
Chesterfield -VS- Wealdstone 2023-02-21
Dag and Red -VS- Aldershot 2023-02-21
Dorking -VS- Torquay 2023-02-21
Gateshead -VS- Oldham 2023-02-21
Halifax -VS- Solihull 2023-02-21
Maidenhead -VS- Yeovil 2023-02-21
Maidstone -VS- Eastleigh 2023-02-21
Notts County -VS- Southend 2023-02-21
Woking -VS- Bromley 2023-02-21
Wrexham -VS- Scunthorpe 2023-02-21
York -VS- Boreham Wood 2023-02-21
Hamilton -VS- Inverness C 2023-02-21
Albion Rvs -VS- Elgin 2023-02-21
Gimnasia L.P. -VS- Instituto 2023-02-17
Arsenal Sarandi -VS- Racing Club 2023-02-18
Huracan -VS- Barracas Central 2023-02-18
Lanus -VS- Rosario Central 2023-02-18
Tigre -VS- River Plate 2023-02-18
Argentinos Jrs -VS- Belgrano 2023-02-18
Godoy Cruz -VS- Estudiantes L.P. 2023-02-18
Newells Old Boys -VS- Banfield 2023-02-19
Union de Santa Fe -VS- Colon Santa Fe 2023-02-19
Boca Juniors -VS- Platense 2023-02-19
Independiente -VS- Defensa y Justicia 2023-02-20
Talleres Cordoba -VS- Central Cordoba 2023-02-20
Sarmiento Junin -VS- San Lorenzo 2023-02-20
Atl. Tucuman -VS- Velez Sarsfield 2023-02-21
A. Klagenfurt -VS- Wolfsberger AC 2023-02-18
Hartberg -VS- Sturm Graz 2023-02-18
Ried -VS- LASK 2023-02-18
A. Lustenau -VS- Austria Vienna 2023-02-19
Tirol -VS- Salzburg 2023-02-19
Rapid Vienna -VS- Altach 2023-02-19
Aalborg -VS- Aarhus 2023-02-17
Lyngby -VS- Nordsjaelland 2023-02-19
Odense -VS- Randers FC 2023-02-19
Silkeborg -VS- FC Copenhagen 2023-02-19
Brondby -VS- Horsens 2023-02-19
Viborg -VS- Midtjylland 2023-02-20
Cork City -VS- Bohemians 2023-02-17
Dundalk -VS- UC Dublin 2023-02-17
Shelbourne -VS- Drogheda 2023-02-17
St. Patricks -VS- Derry City 2023-02-17
Sligo Rovers -VS- Shamrock Rovers 2023-02-18
Cerezo Osaka -VS- Albirex Niigata 2023-02-18
FC Tokyo -VS- Urawa Reds 2023-02-18
Kyoto -VS- Kashima Antlers 2023-02-18
Sanfrecce Hiroshima -VS- Hokkaido Consadole Sapporo 2023-02-18
Vissel Kobe -VS- Avispa Fukuoka 2023-02-18
Yokohama FC -VS- Nagoya Grampus 2023-02-18
Kashiwa Reysol -VS- Gamba Osaka 2023-02-18
Sagan Tosu -VS- Shonan Bellmare 2023-02-18
Juarez -VS- Club Leon 2023-02-18
Puebla -VS- Cruz Azul 2023-02-18
Atl. San Luis -VS- Santos Laguna 2023-02-18
Monterrey -VS- Necaxa 2023-02-18
Atlas -VS- U.A.N.L.- Tigres 2023-02-19
U.N.A.M.- Pumas -VS- Guadalajara Chivas 2023-02-19
Queretaro -VS- Mazatlan FC 2023-02-19
Club America -VS- Club Tijuana 2023-02-20
Pachuca -VS- Toluca 2023-02-20
Cracovia -VS- Stal Mielec 2023-02-17
Widzew Lodz -VS- Slask Wroclaw 2023-02-17
Korona Kielce -VS- Lechia Gdansk 2023-02-18
Rakow -VS- Gornik Z. 2023-02-18
Pogon Szczecin -VS- Warta Poznan 2023-02-18
Legnica -VS- Wisla Plock 2023-02-19
Lech Poznan -VS- Zaglebie 2023-02-19
Piast Gliwice -VS- Legia 2023-02-19
Radomiak Radom -VS- Jagiellonia 2023-02-20
Chindia Targoviste -VS- U. Cluj 2023-02-17
Mioveni -VS- FC Rapid Bucuresti 2023-02-17
FC Hermannstadt -VS- UTA Arad 2023-02-18
Farul Constanta -VS- Petrolul 2023-02-18
CFR Cluj -VS- FC Arges 2023-02-19
FCSB -VS- Univ. Craiova 2023-02-19
FC Botosani -VS- Sepsi Sf. Gheorghe 2023-02-20
U Craiova 1948 -VS- FC Voluntari 2023-02-20
Winterthur -VS- Sion 2023-02-18
Young Boys -VS- Lugano 2023-02-18
St. Gallen -VS- Luzern 2023-02-19
Basel -VS- Servette 2023-02-19
Grasshoppers -VS- Zurich 2023-02-19
------------------------- 2023-02-23 11:00:04.969995
Blackburn -VS- Blackpool 2023-02-21
Millwall -VS- Burnley 2023-02-21
Norwich -VS- Birmingham 2023-02-21
Rotherham -VS- Sunderland 2023-02-21
Swansea -VS- Stoke 2023-02-21
Fleetwood Town -VS- Cambridge 2023-02-21
Morecambe -VS- Port Vale 2023-02-21
Grimsby -VS- Harrogate 2023-02-21
Hartlepool -VS- Newport County 2023-02-21
Rochdale -VS- Stockport 2023-02-21
Walsall -VS- Crewe 2023-02-21
Barnet -VS- Altrincham 2023-02-21
Chesterfield -VS- Wealdstone 2023-02-21
Dag and Red -VS- Aldershot 2023-02-21
Dorking -VS- Torquay 2023-02-21
Gateshead -VS- Oldham 2023-02-21
Halifax -VS- Solihull 2023-02-21
Maidenhead -VS- Yeovil 2023-02-21
Maidstone -VS- Eastleigh 2023-02-21
Notts County -VS- Southend 2023-02-21
Woking -VS- Bromley 2023-02-21
Wrexham -VS- Scunthorpe 2023-02-21
York -VS- Boreham Wood 2023-02-21
Hamilton -VS- Inverness C 2023-02-21
Albion Rvs -VS- Elgin 2023-02-21
Gimnasia L.P. -VS- Instituto 2023-02-17
Arsenal Sarandi -VS- Racing Club 2023-02-18
Huracan -VS- Barracas Central 2023-02-18
Lanus -VS- Rosario Central 2023-02-18
Tigre -VS- River Plate 2023-02-18
Argentinos Jrs -VS- Belgrano 2023-02-18
Godoy Cruz -VS- Estudiantes L.P. 2023-02-18
Newells Old Boys -VS- Banfield 2023-02-19
Union de Santa Fe -VS- Colon Santa Fe 2023-02-19
Boca Juniors -VS- Platense 2023-02-19
Independiente -VS- Defensa y Justicia 2023-02-20
Talleres Cordoba -VS- Central Cordoba 2023-02-20
Sarmiento Junin -VS- San Lorenzo 2023-02-20
Atl. Tucuman -VS- Velez Sarsfield 2023-02-21
A. Klagenfurt -VS- Wolfsberger AC 2023-02-18
Hartberg -VS- Sturm Graz 2023-02-18
Ried -VS- LASK 2023-02-18
A. Lustenau -VS- Austria Vienna 2023-02-19
Tirol -VS- Salzburg 2023-02-19
Rapid Vienna -VS- Altach 2023-02-19
Aalborg -VS- Aarhus 2023-02-17
Lyngby -VS- Nordsjaelland 2023-02-19
Odense -VS- Randers FC 2023-02-19
Silkeborg -VS- FC Copenhagen 2023-02-19
Brondby -VS- Horsens 2023-02-19
Viborg -VS- Midtjylland 2023-02-20
Cork City -VS- Bohemians 2023-02-17
Dundalk -VS- UC Dublin 2023-02-17
Shelbourne -VS- Drogheda 2023-02-17
St. Patricks -VS- Derry City 2023-02-17
Sligo Rovers -VS- Shamrock Rovers 2023-02-18
Cerezo Osaka -VS- Albirex Niigata 2023-02-18
FC Tokyo -VS- Urawa Reds 2023-02-18
Kyoto -VS- Kashima Antlers 2023-02-18
Sanfrecce Hiroshima -VS- Hokkaido Consadole Sapporo 2023-02-18
Vissel Kobe -VS- Avispa Fukuoka 2023-02-18
Yokohama FC -VS- Nagoya Grampus 2023-02-18
Kashiwa Reysol -VS- Gamba Osaka 2023-02-18
Sagan Tosu -VS- Shonan Bellmare 2023-02-18
Juarez -VS- Club Leon 2023-02-18
Puebla -VS- Cruz Azul 2023-02-18
Atl. San Luis -VS- Santos Laguna 2023-02-18
Monterrey -VS- Necaxa 2023-02-18
Atlas -VS- U.A.N.L.- Tigres 2023-02-19
U.N.A.M.- Pumas -VS- Guadalajara Chivas 2023-02-19
Queretaro -VS- Mazatlan FC 2023-02-19
Club America -VS- Club Tijuana 2023-02-20
Pachuca -VS- Toluca 2023-02-20
Cracovia -VS- Stal Mielec 2023-02-17
Widzew Lodz -VS- Slask Wroclaw 2023-02-17
Korona Kielce -VS- Lechia Gdansk 2023-02-18
Rakow -VS- Gornik Z. 2023-02-18
Pogon Szczecin -VS- Warta Poznan 2023-02-18
Legnica -VS- Wisla Plock 2023-02-19
Lech Poznan -VS- Zaglebie 2023-02-19
Piast Gliwice -VS- Legia 2023-02-19
Radomiak Radom -VS- Jagiellonia 2023-02-20
Chindia Targoviste -VS- U. Cluj 2023-02-17
Mioveni -VS- FC Rapid Bucuresti 2023-02-17
FC Hermannstadt -VS- UTA Arad 2023-02-18
Farul Constanta -VS- Petrolul 2023-02-18
CFR Cluj -VS- FC Arges 2023-02-19
FCSB -VS- Univ. Craiova 2023-02-19
FC Botosani -VS- Sepsi Sf. Gheorghe 2023-02-20
U Craiova 1948 -VS- FC Voluntari 2023-02-20
Winterthur -VS- Sion 2023-02-18
Young Boys -VS- Lugano 2023-02-18
St. Gallen -VS- Luzern 2023-02-19
Basel -VS- Servette 2023-02-19
Grasshoppers -VS- Zurich 2023-02-19
------------------------- 2023-02-23 12:00:04.317563
Blackburn -VS- Blackpool 2023-02-21
Millwall -VS- Burnley 2023-02-21
Norwich -VS- Birmingham 2023-02-21
Rotherham -VS- Sunderland 2023-02-21
Swansea -VS- Stoke 2023-02-21
Fleetwood Town -VS- Cambridge 2023-02-21
Morecambe -VS- Port Vale 2023-02-21
Grimsby -VS- Harrogate 2023-02-21
Hartlepool -VS- Newport County 2023-02-21
Rochdale -VS- Stockport 2023-02-21
Walsall -VS- Crewe 2023-02-21
Barnet -VS- Altrincham 2023-02-21
Chesterfield -VS- Wealdstone 2023-02-21
Dag and Red -VS- Aldershot 2023-02-21
Dorking -VS- Torquay 2023-02-21
Gateshead -VS- Oldham 2023-02-21
Halifax -VS- Solihull 2023-02-21
Maidenhead -VS- Yeovil 2023-02-21
Maidstone -VS- Eastleigh 2023-02-21
Notts County -VS- Southend 2023-02-21
Woking -VS- Bromley 2023-02-21
Wrexham -VS- Scunthorpe 2023-02-21
York -VS- Boreham Wood 2023-02-21
Hamilton -VS- Inverness C 2023-02-21
Albion Rvs -VS- Elgin 2023-02-21
Gimnasia L.P. -VS- Instituto 2023-02-17
Arsenal Sarandi -VS- Racing Club 2023-02-18
Huracan -VS- Barracas Central 2023-02-18
Lanus -VS- Rosario Central 2023-02-18
Tigre -VS- River Plate 2023-02-18
Argentinos Jrs -VS- Belgrano 2023-02-18
Godoy Cruz -VS- Estudiantes L.P. 2023-02-18
Newells Old Boys -VS- Banfield 2023-02-19
Union de Santa Fe -VS- Colon Santa Fe 2023-02-19
Boca Juniors -VS- Platense 2023-02-19
Independiente -VS- Defensa y Justicia 2023-02-20
Talleres Cordoba -VS- Central Cordoba 2023-02-20
Sarmiento Junin -VS- San Lorenzo 2023-02-20
Atl. Tucuman -VS- Velez Sarsfield 2023-02-21
A. Klagenfurt -VS- Wolfsberger AC 2023-02-18
Hartberg -VS- Sturm Graz 2023-02-18
Ried -VS- LASK 2023-02-18
A. Lustenau -VS- Austria Vienna 2023-02-19
Tirol -VS- Salzburg 2023-02-19
Rapid Vienna -VS- Altach 2023-02-19
Aalborg -VS- Aarhus 2023-02-17
Lyngby -VS- Nordsjaelland 2023-02-19
Odense -VS- Randers FC 2023-02-19
Silkeborg -VS- FC Copenhagen 2023-02-19
Brondby -VS- Horsens 2023-02-19
Viborg -VS- Midtjylland 2023-02-20
Cork City -VS- Bohemians 2023-02-17
Dundalk -VS- UC Dublin 2023-02-17
Shelbourne -VS- Drogheda 2023-02-17
St. Patricks -VS- Derry City 2023-02-17
Sligo Rovers -VS- Shamrock Rovers 2023-02-18
Cerezo Osaka -VS- Albirex Niigata 2023-02-18
FC Tokyo -VS- Urawa Reds 2023-02-18
Kyoto -VS- Kashima Antlers 2023-02-18
Sanfrecce Hiroshima -VS- Hokkaido Consadole Sapporo 2023-02-18
Vissel Kobe -VS- Avispa Fukuoka 2023-02-18
Yokohama FC -VS- Nagoya Grampus 2023-02-18
Kashiwa Reysol -VS- Gamba Osaka 2023-02-18
Sagan Tosu -VS- Shonan Bellmare 2023-02-18
Juarez -VS- Club Leon 2023-02-18
Puebla -VS- Cruz Azul 2023-02-18
Atl. San Luis -VS- Santos Laguna 2023-02-18
Monterrey -VS- Necaxa 2023-02-18
Atlas -VS- U.A.N.L.- Tigres 2023-02-19
U.N.A.M.- Pumas -VS- Guadalajara Chivas 2023-02-19
Queretaro -VS- Mazatlan FC 2023-02-19
Club America -VS- Club Tijuana 2023-02-20
Pachuca -VS- Toluca 2023-02-20
Cracovia -VS- Stal Mielec 2023-02-17
Widzew Lodz -VS- Slask Wroclaw 2023-02-17
Korona Kielce -VS- Lechia Gdansk 2023-02-18
Rakow -VS- Gornik Z. 2023-02-18
Pogon Szczecin -VS- Warta Poznan 2023-02-18
Legnica -VS- Wisla Plock 2023-02-19
Lech Poznan -VS- Zaglebie 2023-02-19
Piast Gliwice -VS- Legia 2023-02-19
Radomiak Radom -VS- Jagiellonia 2023-02-20
Chindia Targoviste -VS- U. Cluj 2023-02-17
Mioveni -VS- FC Rapid Bucuresti 2023-02-17
FC Hermannstadt -VS- UTA Arad 2023-02-18
Farul Constanta -VS- Petrolul 2023-02-18
CFR Cluj -VS- FC Arges 2023-02-19
FCSB -VS- Univ. Craiova 2023-02-19
FC Botosani -VS- Sepsi Sf. Gheorghe 2023-02-20
U Craiova 1948 -VS- FC Voluntari 2023-02-20
Winterthur -VS- Sion 2023-02-18
Young Boys -VS- Lugano 2023-02-18
St. Gallen -VS- Luzern 2023-02-19
Basel -VS- Servette 2023-02-19
Grasshoppers -VS- Zurich 2023-02-19
------------------------- 2023-02-23 13:00:03.969397
Blackburn -VS- Blackpool 2023-02-21
Millwall -VS- Burnley 2023-02-21
Norwich -VS- Birmingham 2023-02-21
Rotherham -VS- Sunderland 2023-02-21
Swansea -VS- Stoke 2023-02-21
Fleetwood Town -VS- Cambridge 2023-02-21
Morecambe -VS- Port Vale 2023-02-21
Grimsby -VS- Harrogate 2023-02-21
Hartlepool -VS- Newport County 2023-02-21
Rochdale -VS- Stockport 2023-02-21
Walsall -VS- Crewe 2023-02-21
Barnet -VS- Altrincham 2023-02-21
Chesterfield -VS- Wealdstone 2023-02-21
Dag and Red -VS- Aldershot 2023-02-21
Dorking -VS- Torquay 2023-02-21
Gateshead -VS- Oldham 2023-02-21
Halifax -VS- Solihull 2023-02-21
Maidenhead -VS- Yeovil 2023-02-21
Maidstone -VS- Eastleigh 2023-02-21
Notts County -VS- Southend 2023-02-21
Woking -VS- Bromley 2023-02-21
Wrexham -VS- Scunthorpe 2023-02-21
York -VS- Boreham Wood 2023-02-21
Hamilton -VS- Inverness C 2023-02-21
Albion Rvs -VS- Elgin 2023-02-21
Gimnasia L.P. -VS- Instituto 2023-02-17
Arsenal Sarandi -VS- Racing Club 2023-02-18
Huracan -VS- Barracas Central 2023-02-18
Lanus -VS- Rosario Central 2023-02-18
Tigre -VS- River Plate 2023-02-18
Argentinos Jrs -VS- Belgrano 2023-02-18
Godoy Cruz -VS- Estudiantes L.P. 2023-02-18
Newells Old Boys -VS- Banfield 2023-02-19
Union de Santa Fe -VS- Colon Santa Fe 2023-02-19
Boca Juniors -VS- Platense 2023-02-19
Independiente -VS- Defensa y Justicia 2023-02-20
Talleres Cordoba -VS- Central Cordoba 2023-02-20
Sarmiento Junin -VS- San Lorenzo 2023-02-20
Atl. Tucuman -VS- Velez Sarsfield 2023-02-21
A. Klagenfurt -VS- Wolfsberger AC 2023-02-18
Hartberg -VS- Sturm Graz 2023-02-18
Ried -VS- LASK 2023-02-18
A. Lustenau -VS- Austria Vienna 2023-02-19
Tirol -VS- Salzburg 2023-02-19
Rapid Vienna -VS- Altach 2023-02-19
Aalborg -VS- Aarhus 2023-02-17
Lyngby -VS- Nordsjaelland 2023-02-19
Odense -VS- Randers FC 2023-02-19
Silkeborg -VS- FC Copenhagen 2023-02-19
Brondby -VS- Horsens 2023-02-19
Viborg -VS- Midtjylland 2023-02-20
Cork City -VS- Bohemians 2023-02-17
Dundalk -VS- UC Dublin 2023-02-17
Shelbourne -VS- Drogheda 2023-02-17
St. Patricks -VS- Derry City 2023-02-17
Sligo Rovers -VS- Shamrock Rovers 2023-02-18
Cerezo Osaka -VS- Albirex Niigata 2023-02-18
FC Tokyo -VS- Urawa Reds 2023-02-18
Kyoto -VS- Kashima Antlers 2023-02-18
Sanfrecce Hiroshima -VS- Hokkaido Consadole Sapporo 2023-02-18
Vissel Kobe -VS- Avispa Fukuoka 2023-02-18
Yokohama FC -VS- Nagoya Grampus 2023-02-18
Kashiwa Reysol -VS- Gamba Osaka 2023-02-18
Sagan Tosu -VS- Shonan Bellmare 2023-02-18
Juarez -VS- Club Leon 2023-02-18
Puebla -VS- Cruz Azul 2023-02-18
Atl. San Luis -VS- Santos Laguna 2023-02-18
Monterrey -VS- Necaxa 2023-02-18
Atlas -VS- U.A.N.L.- Tigres 2023-02-19
U.N.A.M.- Pumas -VS- Guadalajara Chivas 2023-02-19
Queretaro -VS- Mazatlan FC 2023-02-19
Club America -VS- Club Tijuana 2023-02-20
Pachuca -VS- Toluca 2023-02-20
Cracovia -VS- Stal Mielec 2023-02-17
Widzew Lodz -VS- Slask Wroclaw 2023-02-17
Korona Kielce -VS- Lechia Gdansk 2023-02-18
Rakow -VS- Gornik Z. 2023-02-18
Pogon Szczecin -VS- Warta Poznan 2023-02-18
Legnica -VS- Wisla Plock 2023-02-19
Lech Poznan -VS- Zaglebie 2023-02-19
Piast Gliwice -VS- Legia 2023-02-19
Radomiak Radom -VS- Jagiellonia 2023-02-20
Chindia Targoviste -VS- U. Cluj 2023-02-17
Mioveni -VS- FC Rapid Bucuresti 2023-02-17
FC Hermannstadt -VS- UTA Arad 2023-02-18
Farul Constanta -VS- Petrolul 2023-02-18
CFR Cluj -VS- FC Arges 2023-02-19
FCSB -VS- Univ. Craiova 2023-02-19
FC Botosani -VS- Sepsi Sf. Gheorghe 2023-02-20
U Craiova 1948 -VS- FC Voluntari 2023-02-20
Winterthur -VS- Sion 2023-02-18
Young Boys -VS- Lugano 2023-02-18
St. Gallen -VS- Luzern 2023-02-19
Basel -VS- Servette 2023-02-19
Grasshoppers -VS- Zurich 2023-02-19
------------------------- 2023-02-23 14:00:02.932866
Blackburn -VS- Blackpool 2023-02-21
Millwall -VS- Burnley 2023-02-21
Norwich -VS- Birmingham 2023-02-21
Rotherham -VS- Sunderland 2023-02-21
Swansea -VS- Stoke 2023-02-21
Fleetwood Town -VS- Cambridge 2023-02-21
Morecambe -VS- Port Vale 2023-02-21
Grimsby -VS- Harrogate 2023-02-21
Hartlepool -VS- Newport County 2023-02-21
Rochdale -VS- Stockport 2023-02-21
Walsall -VS- Crewe 2023-02-21
Barnet -VS- Altrincham 2023-02-21
Chesterfield -VS- Wealdstone 2023-02-21
Dag and Red -VS- Aldershot 2023-02-21
Dorking -VS- Torquay 2023-02-21
Gateshead -VS- Oldham 2023-02-21
Halifax -VS- Solihull 2023-02-21
Maidenhead -VS- Yeovil 2023-02-21
Maidstone -VS- Eastleigh 2023-02-21
Notts County -VS- Southend 2023-02-21
Woking -VS- Bromley 2023-02-21
Wrexham -VS- Scunthorpe 2023-02-21
York -VS- Boreham Wood 2023-02-21
Hamilton -VS- Inverness C 2023-02-21
Albion Rvs -VS- Elgin 2023-02-21
Gimnasia L.P. -VS- Instituto 2023-02-17
Arsenal Sarandi -VS- Racing Club 2023-02-18
Huracan -VS- Barracas Central 2023-02-18
Lanus -VS- Rosario Central 2023-02-18
Tigre -VS- River Plate 2023-02-18
Argentinos Jrs -VS- Belgrano 2023-02-18
Godoy Cruz -VS- Estudiantes L.P. 2023-02-18
Newells Old Boys -VS- Banfield 2023-02-19
Union de Santa Fe -VS- Colon Santa Fe 2023-02-19
Boca Juniors -VS- Platense 2023-02-19
Independiente -VS- Defensa y Justicia 2023-02-20
Talleres Cordoba -VS- Central Cordoba 2023-02-20
Sarmiento Junin -VS- San Lorenzo 2023-02-20
Atl. Tucuman -VS- Velez Sarsfield 2023-02-21
A. Klagenfurt -VS- Wolfsberger AC 2023-02-18
Hartberg -VS- Sturm Graz 2023-02-18
Ried -VS- LASK 2023-02-18
A. Lustenau -VS- Austria Vienna 2023-02-19
Tirol -VS- Salzburg 2023-02-19
Rapid Vienna -VS- Altach 2023-02-19
Aalborg -VS- Aarhus 2023-02-17
Lyngby -VS- Nordsjaelland 2023-02-19
Odense -VS- Randers FC 2023-02-19
Silkeborg -VS- FC Copenhagen 2023-02-19
Brondby -VS- Horsens 2023-02-19
Viborg -VS- Midtjylland 2023-02-20
Cork City -VS- Bohemians 2023-02-17
Dundalk -VS- UC Dublin 2023-02-17
Shelbourne -VS- Drogheda 2023-02-17
St. Patricks -VS- Derry City 2023-02-17
Sligo Rovers -VS- Shamrock Rovers 2023-02-18
Cerezo Osaka -VS- Albirex Niigata 2023-02-18
FC Tokyo -VS- Urawa Reds 2023-02-18
Kyoto -VS- Kashima Antlers 2023-02-18
Sanfrecce Hiroshima -VS- Hokkaido Consadole Sapporo 2023-02-18
Vissel Kobe -VS- Avispa Fukuoka 2023-02-18
Yokohama FC -VS- Nagoya Grampus 2023-02-18
Kashiwa Reysol -VS- Gamba Osaka 2023-02-18
Sagan Tosu -VS- Shonan Bellmare 2023-02-18
Juarez -VS- Club Leon 2023-02-18
Puebla -VS- Cruz Azul 2023-02-18
Atl. San Luis -VS- Santos Laguna 2023-02-18
Monterrey -VS- Necaxa 2023-02-18
Atlas -VS- U.A.N.L.- Tigres 2023-02-19
U.N.A.M.- Pumas -VS- Guadalajara Chivas 2023-02-19
Queretaro -VS- Mazatlan FC 2023-02-19
Club America -VS- Club Tijuana 2023-02-20
Pachuca -VS- Toluca 2023-02-20
Cracovia -VS- Stal Mielec 2023-02-17
Widzew Lodz -VS- Slask Wroclaw 2023-02-17
Korona Kielce -VS- Lechia Gdansk 2023-02-18
Rakow -VS- Gornik Z. 2023-02-18
Pogon Szczecin -VS- Warta Poznan 2023-02-18
Legnica -VS- Wisla Plock 2023-02-19
Lech Poznan -VS- Zaglebie 2023-02-19
Piast Gliwice -VS- Legia 2023-02-19
Radomiak Radom -VS- Jagiellonia 2023-02-20
Chindia Targoviste -VS- U. Cluj 2023-02-17
Mioveni -VS- FC Rapid Bucuresti 2023-02-17
FC Hermannstadt -VS- UTA Arad 2023-02-18
Farul Constanta -VS- Petrolul 2023-02-18
CFR Cluj -VS- FC Arges 2023-02-19
FCSB -VS- Univ. Craiova 2023-02-19
FC Botosani -VS- Sepsi Sf. Gheorghe 2023-02-20
U Craiova 1948 -VS- FC Voluntari 2023-02-20
Winterthur -VS- Sion 2023-02-18
Young Boys -VS- Lugano 2023-02-18
St. Gallen -VS- Luzern 2023-02-19
Basel -VS- Servette 2023-02-19
Grasshoppers -VS- Zurich 2023-02-19
------------------------- 2023-02-23 16:00:02.929309
Blackburn -VS- Blackpool 2023-02-21
Millwall -VS- Burnley 2023-02-21
Norwich -VS- Birmingham 2023-02-21
Rotherham -VS- Sunderland 2023-02-21
Swansea -VS- Stoke 2023-02-21
Fleetwood Town -VS- Cambridge 2023-02-21
Morecambe -VS- Port Vale 2023-02-21
Grimsby -VS- Harrogate 2023-02-21
Hartlepool -VS- Newport County 2023-02-21
Rochdale -VS- Stockport 2023-02-21
Walsall -VS- Crewe 2023-02-21
Barnet -VS- Altrincham 2023-02-21
Chesterfield -VS- Wealdstone 2023-02-21
Dag and Red -VS- Aldershot 2023-02-21
Dorking -VS- Torquay 2023-02-21
Gateshead -VS- Oldham 2023-02-21
Halifax -VS- Solihull 2023-02-21
Maidenhead -VS- Yeovil 2023-02-21
Maidstone -VS- Eastleigh 2023-02-21
Notts County -VS- Southend 2023-02-21
Woking -VS- Bromley 2023-02-21
Wrexham -VS- Scunthorpe 2023-02-21
York -VS- Boreham Wood 2023-02-21
Hamilton -VS- Inverness C 2023-02-21
Albion Rvs -VS- Elgin 2023-02-21
Gimnasia L.P. -VS- Instituto 2023-02-17
Arsenal Sarandi -VS- Racing Club 2023-02-18
Huracan -VS- Barracas Central 2023-02-18
Lanus -VS- Rosario Central 2023-02-18
Tigre -VS- River Plate 2023-02-18
Argentinos Jrs -VS- Belgrano 2023-02-18
Godoy Cruz -VS- Estudiantes L.P. 2023-02-18
Newells Old Boys -VS- Banfield 2023-02-19
Union de Santa Fe -VS- Colon Santa Fe 2023-02-19
Boca Juniors -VS- Platense 2023-02-19
Independiente -VS- Defensa y Justicia 2023-02-20
Talleres Cordoba -VS- Central Cordoba 2023-02-20
Sarmiento Junin -VS- San Lorenzo 2023-02-20
Atl. Tucuman -VS- Velez Sarsfield 2023-02-21
A. Klagenfurt -VS- Wolfsberger AC 2023-02-18
Hartberg -VS- Sturm Graz 2023-02-18
Ried -VS- LASK 2023-02-18
A. Lustenau -VS- Austria Vienna 2023-02-19
Tirol -VS- Salzburg 2023-02-19
Rapid Vienna -VS- Altach 2023-02-19
Aalborg -VS- Aarhus 2023-02-17
Lyngby -VS- Nordsjaelland 2023-02-19
Odense -VS- Randers FC 2023-02-19
Silkeborg -VS- FC Copenhagen 2023-02-19
Brondby -VS- Horsens 2023-02-19
Viborg -VS- Midtjylland 2023-02-20
Cork City -VS- Bohemians 2023-02-17
Dundalk -VS- UC Dublin 2023-02-17
Shelbourne -VS- Drogheda 2023-02-17
St. Patricks -VS- Derry City 2023-02-17
Sligo Rovers -VS- Shamrock Rovers 2023-02-18
Cerezo Osaka -VS- Albirex Niigata 2023-02-18
FC Tokyo -VS- Urawa Reds 2023-02-18
Kyoto -VS- Kashima Antlers 2023-02-18
Sanfrecce Hiroshima -VS- Hokkaido Consadole Sapporo 2023-02-18
Vissel Kobe -VS- Avispa Fukuoka 2023-02-18
Yokohama FC -VS- Nagoya Grampus 2023-02-18
Kashiwa Reysol -VS- Gamba Osaka 2023-02-18
Sagan Tosu -VS- Shonan Bellmare 2023-02-18
Juarez -VS- Club Leon 2023-02-18
Puebla -VS- Cruz Azul 2023-02-18
Atl. San Luis -VS- Santos Laguna 2023-02-18
Monterrey -VS- Necaxa 2023-02-18
Atlas -VS- U.A.N.L.- Tigres 2023-02-19
U.N.A.M.- Pumas -VS- Guadalajara Chivas 2023-02-19
Queretaro -VS- Mazatlan FC 2023-02-19
Club America -VS- Club Tijuana 2023-02-20
Pachuca -VS- Toluca 2023-02-20
Cracovia -VS- Stal Mielec 2023-02-17
Widzew Lodz -VS- Slask Wroclaw 2023-02-17
Korona Kielce -VS- Lechia Gdansk 2023-02-18
Rakow -VS- Gornik Z. 2023-02-18
Pogon Szczecin -VS- Warta Poznan 2023-02-18
Legnica -VS- Wisla Plock 2023-02-19
Lech Poznan -VS- Zaglebie 2023-02-19
Piast Gliwice -VS- Legia 2023-02-19
Radomiak Radom -VS- Jagiellonia 2023-02-20
Chindia Targoviste -VS- U. Cluj 2023-02-17
Mioveni -VS- FC Rapid Bucuresti 2023-02-17
FC Hermannstadt -VS- UTA Arad 2023-02-18
Farul Constanta -VS- Petrolul 2023-02-18
CFR Cluj -VS- FC Arges 2023-02-19
FCSB -VS- Univ. Craiova 2023-02-19
FC Botosani -VS- Sepsi Sf. Gheorghe 2023-02-20
U Craiova 1948 -VS- FC Voluntari 2023-02-20
Winterthur -VS- Sion 2023-02-18
Young Boys -VS- Lugano 2023-02-18
St. Gallen -VS- Luzern 2023-02-19
Basel -VS- Servette 2023-02-19
Grasshoppers -VS- Zurich 2023-02-19
